2022-07-05 18:19:27,322 [Worker-8: Loading available Gradle versions] INFO  o.e.b.c.i.u.g.PublishedGradleVersions - Gradle version information cache is up-to-date. Trying to read.
2022-07-05 18:24:21,349 [Worker-8: Import Getting Started Content] INFO  o.e.m.c.i.l.LifecycleMappingFactory - Using org.eclipse.m2e.jdt.JarLifecycleMapping lifecycle mapping for MavenProject: com.example:voyage:0.0.1-SNAPSHOT @ C:\Users\Chaima\Desktop\Voyageaffaire\voyage\pom.xml.
2022-07-05 18:24:22,140 [Worker-8: Import Getting Started Content] INFO  o.e.m.j.i.AbstractJavaProjectConfigurator - Adding source folder /voyage/src/main/java
2022-07-05 18:24:22,140 [Worker-8: Import Getting Started Content] INFO  o.e.m.j.i.AbstractJavaProjectConfigurator - Adding resource folder /voyage/src/main/resources
2022-07-05 18:24:22,146 [Worker-8: Import Getting Started Content] INFO  o.e.m.j.i.AbstractJavaProjectConfigurator - Adding resource folder /voyage/src/main/resources
2022-07-05 18:24:22,152 [Worker-8: Import Getting Started Content] INFO  o.e.m.j.i.AbstractJavaProjectConfigurator - Adding source folder /voyage/src/test/java
2022-07-05 18:24:22,523 [Worker-8: Import Getting Started Content] INFO  o.e.m.c.i.p.ProjectConfigurationManager - Imported and configured 1 project(s) in 1 sec
2022-07-05 18:24:22,526 [Worker-8: Import Getting Started Content] INFO  o.e.m.c.i.p.ProjectConfigurationManager - Update started
2022-07-05 18:24:22,771 [Worker-8: Import Getting Started Content] INFO  o.e.m.c.i.l.LifecycleMappingFactory - Using org.eclipse.m2e.jdt.JarLifecycleMapping lifecycle mapping for MavenProject: com.example:voyage:0.0.1-SNAPSHOT @ C:\Users\Chaima\Desktop\Voyageaffaire\voyage\pom.xml.
2022-07-05 18:24:23,124 [Worker-8: Import Getting Started Content] INFO  o.e.m.j.i.AbstractJavaProjectConfigurator - Adding source folder /voyage/src/main/java
2022-07-05 18:24:23,124 [Worker-8: Import Getting Started Content] INFO  o.e.m.j.i.AbstractJavaProjectConfigurator - Adding resource folder /voyage/src/main/resources
2022-07-05 18:24:23,125 [Worker-8: Import Getting Started Content] INFO  o.e.m.j.i.AbstractJavaProjectConfigurator - Adding resource folder /voyage/src/main/resources
2022-07-05 18:24:23,126 [Worker-8: Import Getting Started Content] INFO  o.e.m.j.i.AbstractJavaProjectConfigurator - Adding source folder /voyage/src/test/java
2022-07-05 18:24:23,368 [Worker-8: Import Getting Started Content] INFO  o.e.m.c.i.p.ProjectConfigurationManager - Update completed: 0 sec
2022-07-05 18:26:59,798 [Worker-12: Updating Maven Project] INFO  o.e.m.c.i.p.ProjectConfigurationManager - Update started
2022-07-05 18:27:00,007 [Worker-12: Updating Maven Project] INFO  o.e.m.c.i.l.LifecycleMappingFactory - Using org.eclipse.m2e.jdt.JarLifecycleMapping lifecycle mapping for MavenProject: com.example:voyage:0.0.1-SNAPSHOT @ C:\Users\Chaima\Desktop\Voyageaffaire\voyage\pom.xml.
2022-07-05 18:27:00,558 [Worker-12: Updating Maven Project] INFO  o.e.m.j.i.AbstractJavaProjectConfigurator - Adding source folder /voyage/src/main/java
2022-07-05 18:27:00,558 [Worker-12: Updating Maven Project] INFO  o.e.m.j.i.AbstractJavaProjectConfigurator - Adding resource folder /voyage/src/main/resources
2022-07-05 18:27:00,559 [Worker-12: Updating Maven Project] INFO  o.e.m.j.i.AbstractJavaProjectConfigurator - Adding resource folder /voyage/src/main/resources
2022-07-05 18:27:00,559 [Worker-12: Updating Maven Project] INFO  o.e.m.j.i.AbstractJavaProjectConfigurator - Adding source folder /voyage/src/test/java
2022-07-05 18:27:00,843 [Worker-12: Updating Maven Project] INFO  o.e.m.c.i.p.ProjectConfigurationManager - Update completed: 1 sec
2022-07-05 18:28:18,042 [Worker-6: Launching voyage - VoyageApplication] INFO  o.e.m.c.i.embedder.EclipseLogger - Using 'UTF-8' encoding to copy filtered resources.
2022-07-05 18:28:18,043 [Worker-6: Launching voyage - VoyageApplication] INFO  o.e.m.c.i.embedder.EclipseLogger - Using 'UTF-8' encoding to copy filtered properties files.
2022-07-05 18:28:18,050 [Worker-6: Launching voyage - VoyageApplication] INFO  o.e.m.c.i.embedder.EclipseLogger - Copying 1 resource
2022-07-05 18:28:18,085 [Worker-6: Launching voyage - VoyageApplication] INFO  o.e.m.c.i.embedder.EclipseLogger - Copying 0 resource
2022-07-05 18:28:18,090 [Worker-6: Launching voyage - VoyageApplication] INFO  o.e.m.c.i.embedder.EclipseLogger - Using 'UTF-8' encoding to copy filtered resources.
2022-07-05 18:28:18,090 [Worker-6: Launching voyage - VoyageApplication] INFO  o.e.m.c.i.embedder.EclipseLogger - Using 'UTF-8' encoding to copy filtered properties files.
2022-07-05 18:28:18,090 [Worker-6: Launching voyage - VoyageApplication] INFO  o.e.m.c.i.embedder.EclipseLogger - skip non existing resourceDirectory C:\Users\Chaima\Desktop\Voyageaffaire\voyage\src\test\resources
2022-07-05 18:29:41,898 [Worker-12: Launching voyage - VoyageApplication] INFO  o.e.m.c.i.embedder.EclipseLogger - Using 'UTF-8' encoding to copy filtered resources.
2022-07-05 18:29:41,898 [Worker-12: Launching voyage - VoyageApplication] INFO  o.e.m.c.i.embedder.EclipseLogger - Using 'UTF-8' encoding to copy filtered properties files.
2022-07-05 18:29:41,900 [Worker-12: Launching voyage - VoyageApplication] INFO  o.e.m.c.i.embedder.EclipseLogger - Copying 1 resource
2022-07-05 18:29:41,907 [Worker-12: Launching voyage - VoyageApplication] INFO  o.e.m.c.i.embedder.EclipseLogger - Copying 0 resource
2022-07-05 18:29:41,909 [Worker-12: Launching voyage - VoyageApplication] INFO  o.e.m.c.i.embedder.EclipseLogger - Using 'UTF-8' encoding to copy filtered resources.
2022-07-05 18:29:41,909 [Worker-12: Launching voyage - VoyageApplication] INFO  o.e.m.c.i.embedder.EclipseLogger - Using 'UTF-8' encoding to copy filtered properties files.
2022-07-05 18:29:41,909 [Worker-12: Launching voyage - VoyageApplication] INFO  o.e.m.c.i.embedder.EclipseLogger - skip non existing resourceDirectory C:\Users\Chaima\Desktop\Voyageaffaire\voyage\src\test\resources
2022-07-05 19:55:10,430 [Worker-20: Launching voyage - VoyageApplication] INFO  o.e.m.c.i.embedder.EclipseLogger - Using 'UTF-8' encoding to copy filtered resources.
2022-07-05 19:55:10,430 [Worker-20: Launching voyage - VoyageApplication] INFO  o.e.m.c.i.embedder.EclipseLogger - Using 'UTF-8' encoding to copy filtered properties files.
2022-07-05 19:55:10,433 [Worker-20: Launching voyage - VoyageApplication] INFO  o.e.m.c.i.embedder.EclipseLogger - Copying 1 resource
2022-07-05 19:55:10,453 [Worker-20: Launching voyage - VoyageApplication] INFO  o.e.m.c.i.embedder.EclipseLogger - Copying 0 resource
2022-07-05 19:55:10,457 [Worker-20: Launching voyage - VoyageApplication] INFO  o.e.m.c.i.embedder.EclipseLogger - Using 'UTF-8' encoding to copy filtered resources.
2022-07-05 19:55:10,457 [Worker-20: Launching voyage - VoyageApplication] INFO  o.e.m.c.i.embedder.EclipseLogger - Using 'UTF-8' encoding to copy filtered properties files.
2022-07-05 19:55:10,457 [Worker-20: Launching voyage - VoyageApplication] INFO  o.e.m.c.i.embedder.EclipseLogger - skip non existing resourceDirectory C:\Users\Chaima\Desktop\Voyageaffaire\voyage\src\test\resources
2022-07-05 19:58:51,195 [Worker-23: Launching voyage - VoyageApplication] INFO  o.e.m.c.i.embedder.EclipseLogger - Using 'UTF-8' encoding to copy filtered resources.
2022-07-05 19:58:51,195 [Worker-23: Launching voyage - VoyageApplication] INFO  o.e.m.c.i.embedder.EclipseLogger - Using 'UTF-8' encoding to copy filtered properties files.
2022-07-05 19:58:51,196 [Worker-23: Launching voyage - VoyageApplication] INFO  o.e.m.c.i.embedder.EclipseLogger - Copying 1 resource
2022-07-05 19:58:51,202 [Worker-23: Launching voyage - VoyageApplication] INFO  o.e.m.c.i.embedder.EclipseLogger - Copying 0 resource
2022-07-05 19:58:51,204 [Worker-23: Launching voyage - VoyageApplication] INFO  o.e.m.c.i.embedder.EclipseLogger - Using 'UTF-8' encoding to copy filtered resources.
2022-07-05 19:58:51,204 [Worker-23: Launching voyage - VoyageApplication] INFO  o.e.m.c.i.embedder.EclipseLogger - Using 'UTF-8' encoding to copy filtered properties files.
2022-07-05 19:58:51,204 [Worker-23: Launching voyage - VoyageApplication] INFO  o.e.m.c.i.embedder.EclipseLogger - skip non existing resourceDirectory C:\Users\Chaima\Desktop\Voyageaffaire\voyage\src\test\resources
2022-07-05 19:59:32,895 [Worker-26: Launching voyage - VoyageApplication] INFO  o.e.m.c.i.embedder.EclipseLogger - Using 'UTF-8' encoding to copy filtered resources.
2022-07-05 19:59:32,896 [Worker-26: Launching voyage - VoyageApplication] INFO  o.e.m.c.i.embedder.EclipseLogger - Using 'UTF-8' encoding to copy filtered properties files.
2022-07-05 19:59:32,896 [Worker-26: Launching voyage - VoyageApplication] INFO  o.e.m.c.i.embedder.EclipseLogger - Copying 1 resource
2022-07-05 19:59:32,901 [Worker-26: Launching voyage - VoyageApplication] INFO  o.e.m.c.i.embedder.EclipseLogger - Copying 0 resource
2022-07-05 19:59:32,903 [Worker-26: Launching voyage - VoyageApplication] INFO  o.e.m.c.i.embedder.EclipseLogger - Using 'UTF-8' encoding to copy filtered resources.
2022-07-05 19:59:32,903 [Worker-26: Launching voyage - VoyageApplication] INFO  o.e.m.c.i.embedder.EclipseLogger - Using 'UTF-8' encoding to copy filtered properties files.
2022-07-05 19:59:32,903 [Worker-26: Launching voyage - VoyageApplication] INFO  o.e.m.c.i.embedder.EclipseLogger - skip non existing resourceDirectory C:\Users\Chaima\Desktop\Voyageaffaire\voyage\src\test\resources
2022-07-05 20:00:26,669 [Worker-22: Launching voyage - VoyageApplication] INFO  o.e.m.c.i.embedder.EclipseLogger - Using 'UTF-8' encoding to copy filtered resources.
2022-07-05 20:00:26,670 [Worker-22: Launching voyage - VoyageApplication] INFO  o.e.m.c.i.embedder.EclipseLogger - Using 'UTF-8' encoding to copy filtered properties files.
2022-07-05 20:00:26,670 [Worker-22: Launching voyage - VoyageApplication] INFO  o.e.m.c.i.embedder.EclipseLogger - Copying 1 resource
2022-07-05 20:00:26,681 [Worker-22: Launching voyage - VoyageApplication] INFO  o.e.m.c.i.embedder.EclipseLogger - Copying 0 resource
2022-07-05 20:00:26,683 [Worker-22: Launching voyage - VoyageApplication] INFO  o.e.m.c.i.embedder.EclipseLogger - Using 'UTF-8' encoding to copy filtered resources.
2022-07-05 20:00:26,683 [Worker-22: Launching voyage - VoyageApplication] INFO  o.e.m.c.i.embedder.EclipseLogger - Using 'UTF-8' encoding to copy filtered properties files.
2022-07-05 20:00:26,683 [Worker-22: Launching voyage - VoyageApplication] INFO  o.e.m.c.i.embedder.EclipseLogger - skip non existing resourceDirectory C:\Users\Chaima\Desktop\Voyageaffaire\voyage\src\test\resources
2022-07-05 20:44:09,651 [Worker-45: Launching EmployeTest] INFO  o.e.m.c.i.embedder.EclipseLogger - Using 'UTF-8' encoding to copy filtered resources.
2022-07-05 20:44:09,651 [Worker-45: Launching EmployeTest] INFO  o.e.m.c.i.embedder.EclipseLogger - Using 'UTF-8' encoding to copy filtered properties files.
2022-07-05 20:44:09,652 [Worker-45: Launching EmployeTest] INFO  o.e.m.c.i.embedder.EclipseLogger - Copying 1 resource
2022-07-05 20:44:09,661 [Worker-45: Launching EmployeTest] INFO  o.e.m.c.i.embedder.EclipseLogger - Copying 0 resource
2022-07-05 20:44:09,663 [Worker-45: Launching EmployeTest] INFO  o.e.m.c.i.embedder.EclipseLogger - Using 'UTF-8' encoding to copy filtered resources.
2022-07-05 20:44:09,663 [Worker-45: Launching EmployeTest] INFO  o.e.m.c.i.embedder.EclipseLogger - Using 'UTF-8' encoding to copy filtered properties files.
2022-07-05 20:44:09,663 [Worker-45: Launching EmployeTest] INFO  o.e.m.c.i.embedder.EclipseLogger - skip non existing resourceDirectory C:\Users\Chaima\Desktop\Voyageaffaire\voyage\src\test\resources
2022-07-05 20:44:12,053 [Worker-45: Launching EmployeTest] INFO  o.e.m.c.i.e.AbstractTransferListenerAdapter - Downloading https://repo.maven.apache.org/maven2/org/junit/platform/junit-platform-launcher/1.8.2/junit-platform-launcher-1.8.2.jar
2022-07-05 20:44:12,165 [Worker-45: Launching EmployeTest] INFO  o.e.m.c.i.e.AbstractTransferListenerAdapter - Downloaded https://repo.maven.apache.org/maven2/org/junit/platform/junit-platform-launcher/1.8.2/junit-platform-launcher-1.8.2.jar
2022-07-06 11:27:21,031 [Worker-0: Loading available Gradle versions] INFO  o.e.b.c.i.u.g.PublishedGradleVersions - Gradle version information cache is up-to-date. Trying to read.
2022-07-06 11:37:51,854 [Worker-4: Launching voyage - VoyageApplication] INFO  o.e.m.c.i.embedder.EclipseLogger - Using 'UTF-8' encoding to copy filtered resources.
2022-07-06 11:37:51,855 [Worker-4: Launching voyage - VoyageApplication] INFO  o.e.m.c.i.embedder.EclipseLogger - Using 'UTF-8' encoding to copy filtered properties files.
2022-07-06 11:37:51,858 [Worker-4: Launching voyage - VoyageApplication] INFO  o.e.m.c.i.embedder.EclipseLogger - Copying 1 resource
2022-07-06 11:37:51,878 [Worker-4: Launching voyage - VoyageApplication] INFO  o.e.m.c.i.embedder.EclipseLogger - Copying 0 resource
2022-07-06 11:37:51,881 [Worker-4: Launching voyage - VoyageApplication] INFO  o.e.m.c.i.embedder.EclipseLogger - Using 'UTF-8' encoding to copy filtered resources.
2022-07-06 11:37:51,882 [Worker-4: Launching voyage - VoyageApplication] INFO  o.e.m.c.i.embedder.EclipseLogger - Using 'UTF-8' encoding to copy filtered properties files.
2022-07-06 11:37:51,882 [Worker-4: Launching voyage - VoyageApplication] INFO  o.e.m.c.i.embedder.EclipseLogger - skip non existing resourceDirectory C:\Users\Chaima\Desktop\Voyageaffaire\voyage\src\test\resources
2022-07-06 12:00:13,469 [Worker-19: Launching voyage - VoyageApplication] INFO  o.e.m.c.i.embedder.EclipseLogger - Using 'UTF-8' encoding to copy filtered resources.
2022-07-06 12:00:13,469 [Worker-19: Launching voyage - VoyageApplication] INFO  o.e.m.c.i.embedder.EclipseLogger - Using 'UTF-8' encoding to copy filtered properties files.
2022-07-06 12:00:13,471 [Worker-19: Launching voyage - VoyageApplication] INFO  o.e.m.c.i.embedder.EclipseLogger - Copying 1 resource
2022-07-06 12:00:13,488 [Worker-19: Launching voyage - VoyageApplication] INFO  o.e.m.c.i.embedder.EclipseLogger - Copying 0 resource
2022-07-06 12:00:13,491 [Worker-19: Launching voyage - VoyageApplication] INFO  o.e.m.c.i.embedder.EclipseLogger - Using 'UTF-8' encoding to copy filtered resources.
2022-07-06 12:00:13,491 [Worker-19: Launching voyage - VoyageApplication] INFO  o.e.m.c.i.embedder.EclipseLogger - Using 'UTF-8' encoding to copy filtered properties files.
2022-07-06 12:00:13,491 [Worker-19: Launching voyage - VoyageApplication] INFO  o.e.m.c.i.embedder.EclipseLogger - skip non existing resourceDirectory C:\Users\Chaima\Desktop\Voyageaffaire\voyage\src\test\resources
2022-07-06 12:03:15,216 [Worker-25: Launching voyage - VoyageApplication] INFO  o.e.m.c.i.embedder.EclipseLogger - Using 'UTF-8' encoding to copy filtered resources.
2022-07-06 12:03:15,216 [Worker-25: Launching voyage - VoyageApplication] INFO  o.e.m.c.i.embedder.EclipseLogger - Using 'UTF-8' encoding to copy filtered properties files.
2022-07-06 12:03:15,217 [Worker-25: Launching voyage - VoyageApplication] INFO  o.e.m.c.i.embedder.EclipseLogger - Copying 1 resource
2022-07-06 12:03:15,221 [Worker-25: Launching voyage - VoyageApplication] INFO  o.e.m.c.i.embedder.EclipseLogger - Copying 0 resource
2022-07-06 12:03:15,222 [Worker-25: Launching voyage - VoyageApplication] INFO  o.e.m.c.i.embedder.EclipseLogger - Using 'UTF-8' encoding to copy filtered resources.
2022-07-06 12:03:15,222 [Worker-25: Launching voyage - VoyageApplication] INFO  o.e.m.c.i.embedder.EclipseLogger - Using 'UTF-8' encoding to copy filtered properties files.
2022-07-06 12:03:15,222 [Worker-25: Launching voyage - VoyageApplication] INFO  o.e.m.c.i.embedder.EclipseLogger - skip non existing resourceDirectory C:\Users\Chaima\Desktop\Voyageaffaire\voyage\src\test\resources
2022-07-06 12:12:33,134 [Worker-16: Launching voyage - VoyageApplication] INFO  o.e.m.c.i.embedder.EclipseLogger - Using 'UTF-8' encoding to copy filtered resources.
2022-07-06 12:12:33,134 [Worker-16: Launching voyage - VoyageApplication] INFO  o.e.m.c.i.embedder.EclipseLogger - Using 'UTF-8' encoding to copy filtered properties files.
2022-07-06 12:12:33,134 [Worker-16: Launching voyage - VoyageApplication] INFO  o.e.m.c.i.embedder.EclipseLogger - Copying 1 resource
2022-07-06 12:12:33,140 [Worker-16: Launching voyage - VoyageApplication] INFO  o.e.m.c.i.embedder.EclipseLogger - Copying 0 resource
2022-07-06 12:12:33,140 [Worker-16: Launching voyage - VoyageApplication] INFO  o.e.m.c.i.embedder.EclipseLogger - Using 'UTF-8' encoding to copy filtered resources.
2022-07-06 12:12:33,140 [Worker-16: Launching voyage - VoyageApplication] INFO  o.e.m.c.i.embedder.EclipseLogger - Using 'UTF-8' encoding to copy filtered properties files.
2022-07-06 12:12:33,140 [Worker-16: Launching voyage - VoyageApplication] INFO  o.e.m.c.i.embedder.EclipseLogger - skip non existing resourceDirectory C:\Users\Chaima\Desktop\Voyageaffaire\voyage\src\test\resources
2022-07-06 12:15:18,929 [Worker-29: Launching voyage - VoyageApplication] INFO  o.e.m.c.i.embedder.EclipseLogger - Using 'UTF-8' encoding to copy filtered resources.
2022-07-06 12:15:18,929 [Worker-29: Launching voyage - VoyageApplication] INFO  o.e.m.c.i.embedder.EclipseLogger - Using 'UTF-8' encoding to copy filtered properties files.
2022-07-06 12:15:18,930 [Worker-29: Launching voyage - VoyageApplication] INFO  o.e.m.c.i.embedder.EclipseLogger - Copying 1 resource
2022-07-06 12:15:18,936 [Worker-29: Launching voyage - VoyageApplication] INFO  o.e.m.c.i.embedder.EclipseLogger - Copying 0 resource
2022-07-06 12:15:18,937 [Worker-29: Launching voyage - VoyageApplication] INFO  o.e.m.c.i.embedder.EclipseLogger - Using 'UTF-8' encoding to copy filtered resources.
2022-07-06 12:15:18,937 [Worker-29: Launching voyage - VoyageApplication] INFO  o.e.m.c.i.embedder.EclipseLogger - Using 'UTF-8' encoding to copy filtered properties files.
2022-07-06 12:15:18,937 [Worker-29: Launching voyage - VoyageApplication] INFO  o.e.m.c.i.embedder.EclipseLogger - skip non existing resourceDirectory C:\Users\Chaima\Desktop\Voyageaffaire\voyage\src\test\resources
2022-07-06 12:16:10,146 [Worker-23: Launching voyage - VoyageApplication] INFO  o.e.m.c.i.embedder.EclipseLogger - Using 'UTF-8' encoding to copy filtered resources.
2022-07-06 12:16:10,146 [Worker-23: Launching voyage - VoyageApplication] INFO  o.e.m.c.i.embedder.EclipseLogger - Using 'UTF-8' encoding to copy filtered properties files.
2022-07-06 12:16:10,147 [Worker-23: Launching voyage - VoyageApplication] INFO  o.e.m.c.i.embedder.EclipseLogger - Copying 1 resource
2022-07-06 12:16:10,149 [Worker-23: Launching voyage - VoyageApplication] INFO  o.e.m.c.i.embedder.EclipseLogger - Copying 0 resource
2022-07-06 12:16:10,150 [Worker-23: Launching voyage - VoyageApplication] INFO  o.e.m.c.i.embedder.EclipseLogger - Using 'UTF-8' encoding to copy filtered resources.
2022-07-06 12:16:10,150 [Worker-23: Launching voyage - VoyageApplication] INFO  o.e.m.c.i.embedder.EclipseLogger - Using 'UTF-8' encoding to copy filtered properties files.
2022-07-06 12:16:10,150 [Worker-23: Launching voyage - VoyageApplication] INFO  o.e.m.c.i.embedder.EclipseLogger - skip non existing resourceDirectory C:\Users\Chaima\Desktop\Voyageaffaire\voyage\src\test\resources
2022-07-06 12:23:45,956 [Worker-34: Launching voyage - VoyageApplication] INFO  o.e.m.c.i.embedder.EclipseLogger - Using 'UTF-8' encoding to copy filtered resources.
2022-07-06 12:23:45,957 [Worker-34: Launching voyage - VoyageApplication] INFO  o.e.m.c.i.embedder.EclipseLogger - Using 'UTF-8' encoding to copy filtered properties files.
2022-07-06 12:23:45,957 [Worker-34: Launching voyage - VoyageApplication] INFO  o.e.m.c.i.embedder.EclipseLogger - Copying 1 resource
2022-07-06 12:23:45,961 [Worker-34: Launching voyage - VoyageApplication] INFO  o.e.m.c.i.embedder.EclipseLogger - Copying 0 resource
2022-07-06 12:23:45,963 [Worker-34: Launching voyage - VoyageApplication] INFO  o.e.m.c.i.embedder.EclipseLogger - Using 'UTF-8' encoding to copy filtered resources.
2022-07-06 12:23:45,963 [Worker-34: Launching voyage - VoyageApplication] INFO  o.e.m.c.i.embedder.EclipseLogger - Using 'UTF-8' encoding to copy filtered properties files.
2022-07-06 12:23:45,963 [Worker-34: Launching voyage - VoyageApplication] INFO  o.e.m.c.i.embedder.EclipseLogger - skip non existing resourceDirectory C:\Users\Chaima\Desktop\Voyageaffaire\voyage\src\test\resources
2022-07-06 12:31:43,871 [Worker-29: Launching voyage - VoyageApplication] INFO  o.e.m.c.i.embedder.EclipseLogger - Using 'UTF-8' encoding to copy filtered resources.
2022-07-06 12:31:43,871 [Worker-29: Launching voyage - VoyageApplication] INFO  o.e.m.c.i.embedder.EclipseLogger - Using 'UTF-8' encoding to copy filtered properties files.
2022-07-06 12:31:43,872 [Worker-29: Launching voyage - VoyageApplication] INFO  o.e.m.c.i.embedder.EclipseLogger - Copying 1 resource
2022-07-06 12:31:43,879 [Worker-29: Launching voyage - VoyageApplication] INFO  o.e.m.c.i.embedder.EclipseLogger - Copying 0 resource
2022-07-06 12:31:43,882 [Worker-29: Launching voyage - VoyageApplication] INFO  o.e.m.c.i.embedder.EclipseLogger - Using 'UTF-8' encoding to copy filtered resources.
2022-07-06 12:31:43,882 [Worker-29: Launching voyage - VoyageApplication] INFO  o.e.m.c.i.embedder.EclipseLogger - Using 'UTF-8' encoding to copy filtered properties files.
2022-07-06 12:31:43,882 [Worker-29: Launching voyage - VoyageApplication] INFO  o.e.m.c.i.embedder.EclipseLogger - skip non existing resourceDirectory C:\Users\Chaima\Desktop\Voyageaffaire\voyage\src\test\resources
2022-07-06 12:40:11,682 [Worker-39: Launching voyage - VoyageApplication] INFO  o.e.m.c.i.embedder.EclipseLogger - Using 'UTF-8' encoding to copy filtered resources.
2022-07-06 12:40:11,682 [Worker-39: Launching voyage - VoyageApplication] INFO  o.e.m.c.i.embedder.EclipseLogger - Using 'UTF-8' encoding to copy filtered properties files.
2022-07-06 12:40:11,683 [Worker-39: Launching voyage - VoyageApplication] INFO  o.e.m.c.i.embedder.EclipseLogger - Copying 1 resource
2022-07-06 12:40:11,689 [Worker-39: Launching voyage - VoyageApplication] INFO  o.e.m.c.i.embedder.EclipseLogger - Copying 0 resource
2022-07-06 12:40:11,691 [Worker-39: Launching voyage - VoyageApplication] INFO  o.e.m.c.i.embedder.EclipseLogger - Using 'UTF-8' encoding to copy filtered resources.
2022-07-06 12:40:11,691 [Worker-39: Launching voyage - VoyageApplication] INFO  o.e.m.c.i.embedder.EclipseLogger - Using 'UTF-8' encoding to copy filtered properties files.
2022-07-06 12:40:11,691 [Worker-39: Launching voyage - VoyageApplication] INFO  o.e.m.c.i.embedder.EclipseLogger - skip non existing resourceDirectory C:\Users\Chaima\Desktop\Voyageaffaire\voyage\src\test\resources
2022-07-06 12:48:35,850 [Worker-38: Launching voyage - VoyageApplication] INFO  o.e.m.c.i.embedder.EclipseLogger - Using 'UTF-8' encoding to copy filtered resources.
2022-07-06 12:48:35,850 [Worker-38: Launching voyage - VoyageApplication] INFO  o.e.m.c.i.embedder.EclipseLogger - Using 'UTF-8' encoding to copy filtered properties files.
2022-07-06 12:48:35,851 [Worker-38: Launching voyage - VoyageApplication] INFO  o.e.m.c.i.embedder.EclipseLogger - Copying 1 resource
2022-07-06 12:48:35,856 [Worker-38: Launching voyage - VoyageApplication] INFO  o.e.m.c.i.embedder.EclipseLogger - Copying 0 resource
2022-07-06 12:48:35,859 [Worker-38: Launching voyage - VoyageApplication] INFO  o.e.m.c.i.embedder.EclipseLogger - Using 'UTF-8' encoding to copy filtered resources.
2022-07-06 12:48:35,859 [Worker-38: Launching voyage - VoyageApplication] INFO  o.e.m.c.i.embedder.EclipseLogger - Using 'UTF-8' encoding to copy filtered properties files.
2022-07-06 12:48:35,859 [Worker-38: Launching voyage - VoyageApplication] INFO  o.e.m.c.i.embedder.EclipseLogger - skip non existing resourceDirectory C:\Users\Chaima\Desktop\Voyageaffaire\voyage\src\test\resources
2022-07-06 13:06:30,671 [Worker-50: Launching voyage - VoyageApplication] INFO  o.e.m.c.i.embedder.EclipseLogger - Using 'UTF-8' encoding to copy filtered resources.
2022-07-06 13:06:30,671 [Worker-50: Launching voyage - VoyageApplication] INFO  o.e.m.c.i.embedder.EclipseLogger - Using 'UTF-8' encoding to copy filtered properties files.
2022-07-06 13:06:30,671 [Worker-50: Launching voyage - VoyageApplication] INFO  o.e.m.c.i.embedder.EclipseLogger - Copying 1 resource
2022-07-06 13:06:30,679 [Worker-50: Launching voyage - VoyageApplication] INFO  o.e.m.c.i.embedder.EclipseLogger - Copying 0 resource
2022-07-06 13:06:30,681 [Worker-50: Launching voyage - VoyageApplication] INFO  o.e.m.c.i.embedder.EclipseLogger - Using 'UTF-8' encoding to copy filtered resources.
2022-07-06 13:06:30,681 [Worker-50: Launching voyage - VoyageApplication] INFO  o.e.m.c.i.embedder.EclipseLogger - Using 'UTF-8' encoding to copy filtered properties files.
2022-07-06 13:06:30,681 [Worker-50: Launching voyage - VoyageApplication] INFO  o.e.m.c.i.embedder.EclipseLogger - skip non existing resourceDirectory C:\Users\Chaima\Desktop\Voyageaffaire\voyage\src\test\resources
2022-07-06 17:12:23,781 [Worker-63: Launching VoyageApplicationTests] INFO  o.e.m.c.i.embedder.EclipseLogger - Using 'UTF-8' encoding to copy filtered resources.
2022-07-06 17:12:23,782 [Worker-63: Launching VoyageApplicationTests] INFO  o.e.m.c.i.embedder.EclipseLogger - Using 'UTF-8' encoding to copy filtered properties files.
2022-07-06 17:12:23,784 [Worker-63: Launching VoyageApplicationTests] INFO  o.e.m.c.i.embedder.EclipseLogger - Copying 1 resource
2022-07-06 17:12:23,813 [Worker-63: Launching VoyageApplicationTests] INFO  o.e.m.c.i.embedder.EclipseLogger - Copying 0 resource
2022-07-06 17:12:23,815 [Worker-63: Launching VoyageApplicationTests] INFO  o.e.m.c.i.embedder.EclipseLogger - Using 'UTF-8' encoding to copy filtered resources.
2022-07-06 17:12:23,815 [Worker-63: Launching VoyageApplicationTests] INFO  o.e.m.c.i.embedder.EclipseLogger - Using 'UTF-8' encoding to copy filtered properties files.
2022-07-06 17:12:23,815 [Worker-63: Launching VoyageApplicationTests] INFO  o.e.m.c.i.embedder.EclipseLogger - skip non existing resourceDirectory C:\Users\Chaima\Desktop\Voyageaffaire\voyage\src\test\resources
2022-07-06 18:18:04,808 [Worker-82: Launching VoyageApplicationTests] INFO  o.e.m.c.i.embedder.EclipseLogger - Using 'UTF-8' encoding to copy filtered resources.
2022-07-06 18:18:04,809 [Worker-82: Launching VoyageApplicationTests] INFO  o.e.m.c.i.embedder.EclipseLogger - Using 'UTF-8' encoding to copy filtered properties files.
2022-07-06 18:18:04,809 [Worker-82: Launching VoyageApplicationTests] INFO  o.e.m.c.i.embedder.EclipseLogger - Copying 1 resource
2022-07-06 18:18:04,826 [Worker-82: Launching VoyageApplicationTests] INFO  o.e.m.c.i.embedder.EclipseLogger - Copying 0 resource
2022-07-06 18:18:04,828 [Worker-82: Launching VoyageApplicationTests] INFO  o.e.m.c.i.embedder.EclipseLogger - Using 'UTF-8' encoding to copy filtered resources.
2022-07-06 18:18:04,828 [Worker-82: Launching VoyageApplicationTests] INFO  o.e.m.c.i.embedder.EclipseLogger - Using 'UTF-8' encoding to copy filtered properties files.
2022-07-06 18:18:04,828 [Worker-82: Launching VoyageApplicationTests] INFO  o.e.m.c.i.embedder.EclipseLogger - skip non existing resourceDirectory C:\Users\Chaima\Desktop\Voyageaffaire\voyage\src\test\resources
2022-07-06 18:27:30,729 [Worker-85: Launching voyage - VoyageApplication] INFO  o.e.m.c.i.embedder.EclipseLogger - Using 'UTF-8' encoding to copy filtered resources.
2022-07-06 18:27:30,729 [Worker-85: Launching voyage - VoyageApplication] INFO  o.e.m.c.i.embedder.EclipseLogger - Using 'UTF-8' encoding to copy filtered properties files.
2022-07-06 18:27:30,730 [Worker-85: Launching voyage - VoyageApplication] INFO  o.e.m.c.i.embedder.EclipseLogger - Copying 1 resource
2022-07-06 18:27:30,736 [Worker-85: Launching voyage - VoyageApplication] INFO  o.e.m.c.i.embedder.EclipseLogger - Copying 0 resource
2022-07-06 18:27:30,738 [Worker-85: Launching voyage - VoyageApplication] INFO  o.e.m.c.i.embedder.EclipseLogger - Using 'UTF-8' encoding to copy filtered resources.
2022-07-06 18:27:30,738 [Worker-85: Launching voyage - VoyageApplication] INFO  o.e.m.c.i.embedder.EclipseLogger - Using 'UTF-8' encoding to copy filtered properties files.
2022-07-06 18:27:30,738 [Worker-85: Launching voyage - VoyageApplication] INFO  o.e.m.c.i.embedder.EclipseLogger - skip non existing resourceDirectory C:\Users\Chaima\Desktop\Voyageaffaire\voyage\src\test\resources
2022-07-06 18:33:49,911 [Worker-85: Launching voyage - VoyageApplication] INFO  o.e.m.c.i.embedder.EclipseLogger - Using 'UTF-8' encoding to copy filtered resources.
2022-07-06 18:33:49,911 [Worker-85: Launching voyage - VoyageApplication] INFO  o.e.m.c.i.embedder.EclipseLogger - Using 'UTF-8' encoding to copy filtered properties files.
2022-07-06 18:33:49,912 [Worker-85: Launching voyage - VoyageApplication] INFO  o.e.m.c.i.embedder.EclipseLogger - Copying 1 resource
2022-07-06 18:33:49,942 [Worker-85: Launching voyage - VoyageApplication] INFO  o.e.m.c.i.embedder.EclipseLogger - Copying 0 resource
2022-07-06 18:33:49,943 [Worker-85: Launching voyage - VoyageApplication] INFO  o.e.m.c.i.embedder.EclipseLogger - Using 'UTF-8' encoding to copy filtered resources.
2022-07-06 18:33:49,944 [Worker-85: Launching voyage - VoyageApplication] INFO  o.e.m.c.i.embedder.EclipseLogger - Using 'UTF-8' encoding to copy filtered properties files.
2022-07-06 18:33:49,944 [Worker-85: Launching voyage - VoyageApplication] INFO  o.e.m.c.i.embedder.EclipseLogger - skip non existing resourceDirectory C:\Users\Chaima\Desktop\Voyageaffaire\voyage\src\test\resources
2022-07-06 18:40:59,521 [Worker-100: Launching voyage - VoyageApplication] INFO  o.e.m.c.i.embedder.EclipseLogger - Using 'UTF-8' encoding to copy filtered resources.
2022-07-06 18:40:59,521 [Worker-100: Launching voyage - VoyageApplication] INFO  o.e.m.c.i.embedder.EclipseLogger - Using 'UTF-8' encoding to copy filtered properties files.
2022-07-06 18:40:59,521 [Worker-100: Launching voyage - VoyageApplication] INFO  o.e.m.c.i.embedder.EclipseLogger - Copying 1 resource
2022-07-06 18:40:59,536 [Worker-100: Launching voyage - VoyageApplication] INFO  o.e.m.c.i.embedder.EclipseLogger - Copying 0 resource
2022-07-06 18:40:59,538 [Worker-100: Launching voyage - VoyageApplication] INFO  o.e.m.c.i.embedder.EclipseLogger - Using 'UTF-8' encoding to copy filtered resources.
2022-07-06 18:40:59,538 [Worker-100: Launching voyage - VoyageApplication] INFO  o.e.m.c.i.embedder.EclipseLogger - Using 'UTF-8' encoding to copy filtered properties files.
2022-07-06 18:40:59,538 [Worker-100: Launching voyage - VoyageApplication] INFO  o.e.m.c.i.embedder.EclipseLogger - skip non existing resourceDirectory C:\Users\Chaima\Desktop\Voyageaffaire\voyage\src\test\resources
2022-07-06 18:53:56,871 [Worker-103: Launching voyage - VoyageApplication] INFO  o.e.m.c.i.embedder.EclipseLogger - Using 'UTF-8' encoding to copy filtered resources.
2022-07-06 18:53:56,872 [Worker-103: Launching voyage - VoyageApplication] INFO  o.e.m.c.i.embedder.EclipseLogger - Using 'UTF-8' encoding to copy filtered properties files.
2022-07-06 18:53:56,872 [Worker-103: Launching voyage - VoyageApplication] INFO  o.e.m.c.i.embedder.EclipseLogger - Copying 1 resource
2022-07-06 18:53:56,895 [Worker-103: Launching voyage - VoyageApplication] INFO  o.e.m.c.i.embedder.EclipseLogger - Copying 0 resource
2022-07-06 18:53:56,896 [Worker-103: Launching voyage - VoyageApplication] INFO  o.e.m.c.i.embedder.EclipseLogger - Using 'UTF-8' encoding to copy filtered resources.
2022-07-06 18:53:56,896 [Worker-103: Launching voyage - VoyageApplication] INFO  o.e.m.c.i.embedder.EclipseLogger - Using 'UTF-8' encoding to copy filtered properties files.
2022-07-06 18:53:56,896 [Worker-103: Launching voyage - VoyageApplication] INFO  o.e.m.c.i.embedder.EclipseLogger - skip non existing resourceDirectory C:\Users\Chaima\Desktop\Voyageaffaire\voyage\src\test\resources
2022-07-06 18:58:05,164 [Worker-102: Launching voyage - VoyageApplication] INFO  o.e.m.c.i.embedder.EclipseLogger - Using 'UTF-8' encoding to copy filtered resources.
2022-07-06 18:58:05,165 [Worker-102: Launching voyage - VoyageApplication] INFO  o.e.m.c.i.embedder.EclipseLogger - Using 'UTF-8' encoding to copy filtered properties files.
2022-07-06 18:58:05,165 [Worker-102: Launching voyage - VoyageApplication] INFO  o.e.m.c.i.embedder.EclipseLogger - Copying 1 resource
2022-07-06 18:58:05,180 [Worker-102: Launching voyage - VoyageApplication] INFO  o.e.m.c.i.embedder.EclipseLogger - Copying 0 resource
2022-07-06 18:58:05,181 [Worker-102: Launching voyage - VoyageApplication] INFO  o.e.m.c.i.embedder.EclipseLogger - Using 'UTF-8' encoding to copy filtered resources.
2022-07-06 18:58:05,181 [Worker-102: Launching voyage - VoyageApplication] INFO  o.e.m.c.i.embedder.EclipseLogger - Using 'UTF-8' encoding to copy filtered properties files.
2022-07-06 18:58:05,182 [Worker-102: Launching voyage - VoyageApplication] INFO  o.e.m.c.i.embedder.EclipseLogger - skip non existing resourceDirectory C:\Users\Chaima\Desktop\Voyageaffaire\voyage\src\test\resources
2022-07-06 19:10:53,369 [Worker-114: Launching voyage - VoyageApplication] INFO  o.e.m.c.i.embedder.EclipseLogger - Using 'UTF-8' encoding to copy filtered resources.
2022-07-06 19:10:53,369 [Worker-114: Launching voyage - VoyageApplication] INFO  o.e.m.c.i.embedder.EclipseLogger - Using 'UTF-8' encoding to copy filtered properties files.
2022-07-06 19:10:53,370 [Worker-114: Launching voyage - VoyageApplication] INFO  o.e.m.c.i.embedder.EclipseLogger - Copying 1 resource
2022-07-06 19:10:53,377 [Worker-114: Launching voyage - VoyageApplication] INFO  o.e.m.c.i.embedder.EclipseLogger - Copying 0 resource
2022-07-06 19:10:53,378 [Worker-114: Launching voyage - VoyageApplication] INFO  o.e.m.c.i.embedder.EclipseLogger - Using 'UTF-8' encoding to copy filtered resources.
2022-07-06 19:10:53,379 [Worker-114: Launching voyage - VoyageApplication] INFO  o.e.m.c.i.embedder.EclipseLogger - Using 'UTF-8' encoding to copy filtered properties files.
2022-07-06 19:10:53,379 [Worker-114: Launching voyage - VoyageApplication] INFO  o.e.m.c.i.embedder.EclipseLogger - skip non existing resourceDirectory C:\Users\Chaima\Desktop\Voyageaffaire\voyage\src\test\resources
2022-07-06 19:13:55,730 [Worker-117: Launching voyage - VoyageApplication] INFO  o.e.m.c.i.embedder.EclipseLogger - Using 'UTF-8' encoding to copy filtered resources.
2022-07-06 19:13:55,730 [Worker-117: Launching voyage - VoyageApplication] INFO  o.e.m.c.i.embedder.EclipseLogger - Using 'UTF-8' encoding to copy filtered properties files.
2022-07-06 19:13:55,730 [Worker-117: Launching voyage - VoyageApplication] INFO  o.e.m.c.i.embedder.EclipseLogger - Copying 1 resource
2022-07-06 19:13:55,735 [Worker-117: Launching voyage - VoyageApplication] INFO  o.e.m.c.i.embedder.EclipseLogger - Copying 0 resource
2022-07-06 19:13:55,737 [Worker-117: Launching voyage - VoyageApplication] INFO  o.e.m.c.i.embedder.EclipseLogger - Using 'UTF-8' encoding to copy filtered resources.
2022-07-06 19:13:55,737 [Worker-117: Launching voyage - VoyageApplication] INFO  o.e.m.c.i.embedder.EclipseLogger - Using 'UTF-8' encoding to copy filtered properties files.
2022-07-06 19:13:55,737 [Worker-117: Launching voyage - VoyageApplication] INFO  o.e.m.c.i.embedder.EclipseLogger - skip non existing resourceDirectory C:\Users\Chaima\Desktop\Voyageaffaire\voyage\src\test\resources
2022-07-06 19:22:02,541 [Worker-124: Launching voyage - VoyageApplication] INFO  o.e.m.c.i.embedder.EclipseLogger - Using 'UTF-8' encoding to copy filtered resources.
2022-07-06 19:22:02,542 [Worker-124: Launching voyage - VoyageApplication] INFO  o.e.m.c.i.embedder.EclipseLogger - Using 'UTF-8' encoding to copy filtered properties files.
2022-07-06 19:22:02,542 [Worker-124: Launching voyage - VoyageApplication] INFO  o.e.m.c.i.embedder.EclipseLogger - Copying 1 resource
2022-07-06 19:22:02,547 [Worker-124: Launching voyage - VoyageApplication] INFO  o.e.m.c.i.embedder.EclipseLogger - Copying 0 resource
2022-07-06 19:22:02,548 [Worker-124: Launching voyage - VoyageApplication] INFO  o.e.m.c.i.embedder.EclipseLogger - Using 'UTF-8' encoding to copy filtered resources.
2022-07-06 19:22:02,548 [Worker-124: Launching voyage - VoyageApplication] INFO  o.e.m.c.i.embedder.EclipseLogger - Using 'UTF-8' encoding to copy filtered properties files.
2022-07-06 19:22:02,548 [Worker-124: Launching voyage - VoyageApplication] INFO  o.e.m.c.i.embedder.EclipseLogger - skip non existing resourceDirectory C:\Users\Chaima\Desktop\Voyageaffaire\voyage\src\test\resources
2022-07-06 21:31:35,569 [Worker-136: Launching voyage - VoyageApplication] INFO  o.e.m.c.i.embedder.EclipseLogger - Using 'UTF-8' encoding to copy filtered resources.
2022-07-06 21:31:35,569 [Worker-136: Launching voyage - VoyageApplication] INFO  o.e.m.c.i.embedder.EclipseLogger - Using 'UTF-8' encoding to copy filtered properties files.
2022-07-06 21:31:35,570 [Worker-136: Launching voyage - VoyageApplication] INFO  o.e.m.c.i.embedder.EclipseLogger - Copying 1 resource
2022-07-06 21:31:35,595 [Worker-136: Launching voyage - VoyageApplication] INFO  o.e.m.c.i.embedder.EclipseLogger - Copying 0 resource
2022-07-06 21:31:35,598 [Worker-136: Launching voyage - VoyageApplication] INFO  o.e.m.c.i.embedder.EclipseLogger - Using 'UTF-8' encoding to copy filtered resources.
2022-07-06 21:31:35,598 [Worker-136: Launching voyage - VoyageApplication] INFO  o.e.m.c.i.embedder.EclipseLogger - Using 'UTF-8' encoding to copy filtered properties files.
2022-07-06 21:31:35,598 [Worker-136: Launching voyage - VoyageApplication] INFO  o.e.m.c.i.embedder.EclipseLogger - skip non existing resourceDirectory C:\Users\Chaima\Desktop\Voyageaffaire\voyage\src\test\resources
2022-07-06 22:36:31,566 [Worker-158: Launching voyage - VoyageApplication] INFO  o.e.m.c.i.embedder.EclipseLogger - Using 'UTF-8' encoding to copy filtered resources.
2022-07-06 22:36:31,566 [Worker-158: Launching voyage - VoyageApplication] INFO  o.e.m.c.i.embedder.EclipseLogger - Using 'UTF-8' encoding to copy filtered properties files.
2022-07-06 22:36:31,567 [Worker-158: Launching voyage - VoyageApplication] INFO  o.e.m.c.i.embedder.EclipseLogger - Copying 1 resource
2022-07-06 22:36:31,584 [Worker-158: Launching voyage - VoyageApplication] INFO  o.e.m.c.i.embedder.EclipseLogger - Copying 0 resource
2022-07-06 22:36:31,586 [Worker-158: Launching voyage - VoyageApplication] INFO  o.e.m.c.i.embedder.EclipseLogger - Using 'UTF-8' encoding to copy filtered resources.
2022-07-06 22:36:31,586 [Worker-158: Launching voyage - VoyageApplication] INFO  o.e.m.c.i.embedder.EclipseLogger - Using 'UTF-8' encoding to copy filtered properties files.
2022-07-06 22:36:31,586 [Worker-158: Launching voyage - VoyageApplication] INFO  o.e.m.c.i.embedder.EclipseLogger - skip non existing resourceDirectory C:\Users\Chaima\Desktop\Voyageaffaire\voyage\src\test\resources
2022-07-06 22:39:22,276 [Worker-161: Launching voyage - VoyageApplication] INFO  o.e.m.c.i.embedder.EclipseLogger - Using 'UTF-8' encoding to copy filtered resources.
2022-07-06 22:39:22,277 [Worker-161: Launching voyage - VoyageApplication] INFO  o.e.m.c.i.embedder.EclipseLogger - Using 'UTF-8' encoding to copy filtered properties files.
2022-07-06 22:39:22,278 [Worker-161: Launching voyage - VoyageApplication] INFO  o.e.m.c.i.embedder.EclipseLogger - Copying 1 resource
2022-07-06 22:39:22,282 [Worker-161: Launching voyage - VoyageApplication] INFO  o.e.m.c.i.embedder.EclipseLogger - Copying 0 resource
2022-07-06 22:39:22,284 [Worker-161: Launching voyage - VoyageApplication] INFO  o.e.m.c.i.embedder.EclipseLogger - Using 'UTF-8' encoding to copy filtered resources.
2022-07-06 22:39:22,284 [Worker-161: Launching voyage - VoyageApplication] INFO  o.e.m.c.i.embedder.EclipseLogger - Using 'UTF-8' encoding to copy filtered properties files.
2022-07-06 22:39:22,284 [Worker-161: Launching voyage - VoyageApplication] INFO  o.e.m.c.i.embedder.EclipseLogger - skip non existing resourceDirectory C:\Users\Chaima\Desktop\Voyageaffaire\voyage\src\test\resources
2022-07-06 22:47:02,463 [Worker-166: Launching voyage - VoyageApplication] INFO  o.e.m.c.i.embedder.EclipseLogger - Using 'UTF-8' encoding to copy filtered resources.
2022-07-06 22:47:02,463 [Worker-166: Launching voyage - VoyageApplication] INFO  o.e.m.c.i.embedder.EclipseLogger - Using 'UTF-8' encoding to copy filtered properties files.
2022-07-06 22:47:02,463 [Worker-166: Launching voyage - VoyageApplication] INFO  o.e.m.c.i.embedder.EclipseLogger - Copying 1 resource
2022-07-06 22:47:02,470 [Worker-166: Launching voyage - VoyageApplication] INFO  o.e.m.c.i.embedder.EclipseLogger - Copying 0 resource
2022-07-06 22:47:02,472 [Worker-166: Launching voyage - VoyageApplication] INFO  o.e.m.c.i.embedder.EclipseLogger - Using 'UTF-8' encoding to copy filtered resources.
2022-07-06 22:47:02,472 [Worker-166: Launching voyage - VoyageApplication] INFO  o.e.m.c.i.embedder.EclipseLogger - Using 'UTF-8' encoding to copy filtered properties files.
2022-07-06 22:47:02,472 [Worker-166: Launching voyage - VoyageApplication] INFO  o.e.m.c.i.embedder.EclipseLogger - skip non existing resourceDirectory C:\Users\Chaima\Desktop\Voyageaffaire\voyage\src\test\resources
2022-07-06 22:47:18,464 [Worker-166: Launching voyage - VoyageApplication] INFO  o.e.m.c.i.embedder.EclipseLogger - Using 'UTF-8' encoding to copy filtered resources.
2022-07-06 22:47:18,464 [Worker-166: Launching voyage - VoyageApplication] INFO  o.e.m.c.i.embedder.EclipseLogger - Using 'UTF-8' encoding to copy filtered properties files.
2022-07-06 22:47:18,466 [Worker-166: Launching voyage - VoyageApplication] INFO  o.e.m.c.i.embedder.EclipseLogger - Copying 1 resource
2022-07-06 22:47:18,472 [Worker-166: Launching voyage - VoyageApplication] INFO  o.e.m.c.i.embedder.EclipseLogger - Copying 0 resource
2022-07-06 22:47:18,474 [Worker-166: Launching voyage - VoyageApplication] INFO  o.e.m.c.i.embedder.EclipseLogger - Using 'UTF-8' encoding to copy filtered resources.
2022-07-06 22:47:18,474 [Worker-166: Launching voyage - VoyageApplication] INFO  o.e.m.c.i.embedder.EclipseLogger - Using 'UTF-8' encoding to copy filtered properties files.
2022-07-06 22:47:18,474 [Worker-166: Launching voyage - VoyageApplication] INFO  o.e.m.c.i.embedder.EclipseLogger - skip non existing resourceDirectory C:\Users\Chaima\Desktop\Voyageaffaire\voyage\src\test\resources
2022-07-06 22:48:53,335 [Worker-166: Launching voyage - VoyageApplication] INFO  o.e.m.c.i.embedder.EclipseLogger - Using 'UTF-8' encoding to copy filtered resources.
2022-07-06 22:48:53,335 [Worker-166: Launching voyage - VoyageApplication] INFO  o.e.m.c.i.embedder.EclipseLogger - Using 'UTF-8' encoding to copy filtered properties files.
2022-07-06 22:48:53,336 [Worker-166: Launching voyage - VoyageApplication] INFO  o.e.m.c.i.embedder.EclipseLogger - Copying 1 resource
2022-07-06 22:48:53,385 [Worker-166: Launching voyage - VoyageApplication] INFO  o.e.m.c.i.embedder.EclipseLogger - Copying 0 resource
2022-07-06 22:48:53,388 [Worker-166: Launching voyage - VoyageApplication] INFO  o.e.m.c.i.embedder.EclipseLogger - Using 'UTF-8' encoding to copy filtered resources.
2022-07-06 22:48:53,388 [Worker-166: Launching voyage - VoyageApplication] INFO  o.e.m.c.i.embedder.EclipseLogger - Using 'UTF-8' encoding to copy filtered properties files.
2022-07-06 22:48:53,388 [Worker-166: Launching voyage - VoyageApplication] INFO  o.e.m.c.i.embedder.EclipseLogger - skip non existing resourceDirectory C:\Users\Chaima\Desktop\Voyageaffaire\voyage\src\test\resources
2022-07-06 22:56:21,122 [Worker-161: Launching voyage - VoyageApplication] INFO  o.e.m.c.i.embedder.EclipseLogger - Using 'UTF-8' encoding to copy filtered resources.
2022-07-06 22:56:21,122 [Worker-161: Launching voyage - VoyageApplication] INFO  o.e.m.c.i.embedder.EclipseLogger - Using 'UTF-8' encoding to copy filtered properties files.
2022-07-06 22:56:21,123 [Worker-161: Launching voyage - VoyageApplication] INFO  o.e.m.c.i.embedder.EclipseLogger - Copying 1 resource
2022-07-06 22:56:21,133 [Worker-161: Launching voyage - VoyageApplication] INFO  o.e.m.c.i.embedder.EclipseLogger - Copying 0 resource
2022-07-06 22:56:21,134 [Worker-161: Launching voyage - VoyageApplication] INFO  o.e.m.c.i.embedder.EclipseLogger - Using 'UTF-8' encoding to copy filtered resources.
2022-07-06 22:56:21,135 [Worker-161: Launching voyage - VoyageApplication] INFO  o.e.m.c.i.embedder.EclipseLogger - Using 'UTF-8' encoding to copy filtered properties files.
2022-07-06 22:56:21,135 [Worker-161: Launching voyage - VoyageApplication] INFO  o.e.m.c.i.embedder.EclipseLogger - skip non existing resourceDirectory C:\Users\Chaima\Desktop\Voyageaffaire\voyage\src\test\resources
2022-07-06 22:56:29,933 [Worker-163: Launching voyage - VoyageApplication] INFO  o.e.m.c.i.embedder.EclipseLogger - Using 'UTF-8' encoding to copy filtered resources.
2022-07-06 22:56:29,934 [Worker-163: Launching voyage - VoyageApplication] INFO  o.e.m.c.i.embedder.EclipseLogger - Using 'UTF-8' encoding to copy filtered properties files.
2022-07-06 22:56:29,935 [Worker-163: Launching voyage - VoyageApplication] INFO  o.e.m.c.i.embedder.EclipseLogger - Copying 1 resource
2022-07-06 22:56:29,966 [Worker-163: Launching voyage - VoyageApplication] INFO  o.e.m.c.i.embedder.EclipseLogger - Copying 0 resource
2022-07-06 22:56:29,969 [Worker-163: Launching voyage - VoyageApplication] INFO  o.e.m.c.i.embedder.EclipseLogger - Using 'UTF-8' encoding to copy filtered resources.
2022-07-06 22:56:29,969 [Worker-163: Launching voyage - VoyageApplication] INFO  o.e.m.c.i.embedder.EclipseLogger - Using 'UTF-8' encoding to copy filtered properties files.
2022-07-06 22:56:29,969 [Worker-163: Launching voyage - VoyageApplication] INFO  o.e.m.c.i.embedder.EclipseLogger - skip non existing resourceDirectory C:\Users\Chaima\Desktop\Voyageaffaire\voyage\src\test\resources
2022-07-07 00:37:53,033 [Worker-203: Launching voyage - VoyageApplication] INFO  o.e.m.c.i.embedder.EclipseLogger - Using 'UTF-8' encoding to copy filtered resources.
2022-07-07 00:37:53,034 [Worker-203: Launching voyage - VoyageApplication] INFO  o.e.m.c.i.embedder.EclipseLogger - Using 'UTF-8' encoding to copy filtered properties files.
2022-07-07 00:37:53,035 [Worker-203: Launching voyage - VoyageApplication] INFO  o.e.m.c.i.embedder.EclipseLogger - Copying 1 resource
2022-07-07 00:37:53,118 [Worker-203: Launching voyage - VoyageApplication] INFO  o.e.m.c.i.embedder.EclipseLogger - Copying 0 resource
2022-07-07 00:37:53,120 [Worker-203: Launching voyage - VoyageApplication] INFO  o.e.m.c.i.embedder.EclipseLogger - Using 'UTF-8' encoding to copy filtered resources.
2022-07-07 00:37:53,121 [Worker-203: Launching voyage - VoyageApplication] INFO  o.e.m.c.i.embedder.EclipseLogger - Using 'UTF-8' encoding to copy filtered properties files.
2022-07-07 00:37:53,121 [Worker-203: Launching voyage - VoyageApplication] INFO  o.e.m.c.i.embedder.EclipseLogger - skip non existing resourceDirectory C:\Users\Chaima\Desktop\Voyageaffaire\voyage\src\test\resources
2022-07-07 00:50:43,145 [Worker-206: Launching voyage - VoyageApplication] INFO  o.e.m.c.i.embedder.EclipseLogger - Using 'UTF-8' encoding to copy filtered resources.
2022-07-07 00:50:43,145 [Worker-206: Launching voyage - VoyageApplication] INFO  o.e.m.c.i.embedder.EclipseLogger - Using 'UTF-8' encoding to copy filtered properties files.
2022-07-07 00:50:43,146 [Worker-206: Launching voyage - VoyageApplication] INFO  o.e.m.c.i.embedder.EclipseLogger - Copying 1 resource
2022-07-07 00:50:43,151 [Worker-206: Launching voyage - VoyageApplication] INFO  o.e.m.c.i.embedder.EclipseLogger - Copying 0 resource
2022-07-07 00:50:43,152 [Worker-206: Launching voyage - VoyageApplication] INFO  o.e.m.c.i.embedder.EclipseLogger - Using 'UTF-8' encoding to copy filtered resources.
2022-07-07 00:50:43,152 [Worker-206: Launching voyage - VoyageApplication] INFO  o.e.m.c.i.embedder.EclipseLogger - Using 'UTF-8' encoding to copy filtered properties files.
2022-07-07 00:50:43,152 [Worker-206: Launching voyage - VoyageApplication] INFO  o.e.m.c.i.embedder.EclipseLogger - skip non existing resourceDirectory C:\Users\Chaima\Desktop\Voyageaffaire\voyage\src\test\resources
2022-07-07 00:51:29,804 [Worker-205: Launching voyage - VoyageApplication] INFO  o.e.m.c.i.embedder.EclipseLogger - Using 'UTF-8' encoding to copy filtered resources.
2022-07-07 00:51:29,804 [Worker-205: Launching voyage - VoyageApplication] INFO  o.e.m.c.i.embedder.EclipseLogger - Using 'UTF-8' encoding to copy filtered properties files.
2022-07-07 00:51:29,805 [Worker-205: Launching voyage - VoyageApplication] INFO  o.e.m.c.i.embedder.EclipseLogger - Copying 1 resource
2022-07-07 00:51:29,820 [Worker-205: Launching voyage - VoyageApplication] INFO  o.e.m.c.i.embedder.EclipseLogger - Copying 0 resource
2022-07-07 00:51:29,822 [Worker-205: Launching voyage - VoyageApplication] INFO  o.e.m.c.i.embedder.EclipseLogger - Using 'UTF-8' encoding to copy filtered resources.
2022-07-07 00:51:29,822 [Worker-205: Launching voyage - VoyageApplication] INFO  o.e.m.c.i.embedder.EclipseLogger - Using 'UTF-8' encoding to copy filtered properties files.
2022-07-07 00:51:29,822 [Worker-205: Launching voyage - VoyageApplication] INFO  o.e.m.c.i.embedder.EclipseLogger - skip non existing resourceDirectory C:\Users\Chaima\Desktop\Voyageaffaire\voyage\src\test\resources
2022-07-07 00:59:54,919 [Worker-212: Launching voyage - VoyageApplication] INFO  o.e.m.c.i.embedder.EclipseLogger - Using 'UTF-8' encoding to copy filtered resources.
2022-07-07 00:59:54,920 [Worker-212: Launching voyage - VoyageApplication] INFO  o.e.m.c.i.embedder.EclipseLogger - Using 'UTF-8' encoding to copy filtered properties files.
2022-07-07 00:59:54,920 [Worker-212: Launching voyage - VoyageApplication] INFO  o.e.m.c.i.embedder.EclipseLogger - Copying 1 resource
2022-07-07 00:59:54,929 [Worker-212: Launching voyage - VoyageApplication] INFO  o.e.m.c.i.embedder.EclipseLogger - Copying 0 resource
2022-07-07 00:59:54,931 [Worker-212: Launching voyage - VoyageApplication] INFO  o.e.m.c.i.embedder.EclipseLogger - Using 'UTF-8' encoding to copy filtered resources.
2022-07-07 00:59:54,932 [Worker-212: Launching voyage - VoyageApplication] INFO  o.e.m.c.i.embedder.EclipseLogger - Using 'UTF-8' encoding to copy filtered properties files.
2022-07-07 00:59:54,932 [Worker-212: Launching voyage - VoyageApplication] INFO  o.e.m.c.i.embedder.EclipseLogger - skip non existing resourceDirectory C:\Users\Chaima\Desktop\Voyageaffaire\voyage\src\test\resources
2022-07-07 01:04:13,844 [Worker-207: Launching voyage - VoyageApplication] INFO  o.e.m.c.i.embedder.EclipseLogger - Using 'UTF-8' encoding to copy filtered resources.
2022-07-07 01:04:13,844 [Worker-207: Launching voyage - VoyageApplication] INFO  o.e.m.c.i.embedder.EclipseLogger - Using 'UTF-8' encoding to copy filtered properties files.
2022-07-07 01:04:13,844 [Worker-207: Launching voyage - VoyageApplication] INFO  o.e.m.c.i.embedder.EclipseLogger - Copying 1 resource
2022-07-07 01:04:13,868 [Worker-207: Launching voyage - VoyageApplication] INFO  o.e.m.c.i.embedder.EclipseLogger - Copying 0 resource
2022-07-07 01:04:13,869 [Worker-207: Launching voyage - VoyageApplication] INFO  o.e.m.c.i.embedder.EclipseLogger - Using 'UTF-8' encoding to copy filtered resources.
2022-07-07 01:04:13,869 [Worker-207: Launching voyage - VoyageApplication] INFO  o.e.m.c.i.embedder.EclipseLogger - Using 'UTF-8' encoding to copy filtered properties files.
2022-07-07 01:04:13,869 [Worker-207: Launching voyage - VoyageApplication] INFO  o.e.m.c.i.embedder.EclipseLogger - skip non existing resourceDirectory C:\Users\Chaima\Desktop\Voyageaffaire\voyage\src\test\resources
2022-07-07 01:09:02,230 [Worker-214: Launching voyage - VoyageApplication] INFO  o.e.m.c.i.embedder.EclipseLogger - Using 'UTF-8' encoding to copy filtered resources.
2022-07-07 01:09:02,230 [Worker-214: Launching voyage - VoyageApplication] INFO  o.e.m.c.i.embedder.EclipseLogger - Using 'UTF-8' encoding to copy filtered properties files.
2022-07-07 01:09:02,231 [Worker-214: Launching voyage - VoyageApplication] INFO  o.e.m.c.i.embedder.EclipseLogger - Copying 1 resource
2022-07-07 01:09:02,236 [Worker-214: Launching voyage - VoyageApplication] INFO  o.e.m.c.i.embedder.EclipseLogger - Copying 0 resource
2022-07-07 01:09:02,238 [Worker-214: Launching voyage - VoyageApplication] INFO  o.e.m.c.i.embedder.EclipseLogger - Using 'UTF-8' encoding to copy filtered resources.
2022-07-07 01:09:02,238 [Worker-214: Launching voyage - VoyageApplication] INFO  o.e.m.c.i.embedder.EclipseLogger - Using 'UTF-8' encoding to copy filtered properties files.
2022-07-07 01:09:02,238 [Worker-214: Launching voyage - VoyageApplication] INFO  o.e.m.c.i.embedder.EclipseLogger - skip non existing resourceDirectory C:\Users\Chaima\Desktop\Voyageaffaire\voyage\src\test\resources
2022-07-07 01:10:50,853 [Worker-207: Launching voyage - VoyageApplication] INFO  o.e.m.c.i.embedder.EclipseLogger - Using 'UTF-8' encoding to copy filtered resources.
2022-07-07 01:10:50,853 [Worker-207: Launching voyage - VoyageApplication] INFO  o.e.m.c.i.embedder.EclipseLogger - Using 'UTF-8' encoding to copy filtered properties files.
2022-07-07 01:10:50,853 [Worker-207: Launching voyage - VoyageApplication] INFO  o.e.m.c.i.embedder.EclipseLogger - Copying 1 resource
2022-07-07 01:10:50,856 [Worker-207: Launching voyage - VoyageApplication] INFO  o.e.m.c.i.embedder.EclipseLogger - Copying 0 resource
2022-07-07 01:10:50,857 [Worker-207: Launching voyage - VoyageApplication] INFO  o.e.m.c.i.embedder.EclipseLogger - Using 'UTF-8' encoding to copy filtered resources.
2022-07-07 01:10:50,857 [Worker-207: Launching voyage - VoyageApplication] INFO  o.e.m.c.i.embedder.EclipseLogger - Using 'UTF-8' encoding to copy filtered properties files.
2022-07-07 01:10:50,857 [Worker-207: Launching voyage - VoyageApplication] INFO  o.e.m.c.i.embedder.EclipseLogger - skip non existing resourceDirectory C:\Users\Chaima\Desktop\Voyageaffaire\voyage\src\test\resources
2022-07-07 01:14:18,110 [Worker-207: Launching voyage - VoyageApplication] INFO  o.e.m.c.i.embedder.EclipseLogger - Using 'UTF-8' encoding to copy filtered resources.
2022-07-07 01:14:18,110 [Worker-207: Launching voyage - VoyageApplication] INFO  o.e.m.c.i.embedder.EclipseLogger - Using 'UTF-8' encoding to copy filtered properties files.
2022-07-07 01:14:18,110 [Worker-207: Launching voyage - VoyageApplication] INFO  o.e.m.c.i.embedder.EclipseLogger - Copying 1 resource
2022-07-07 01:14:18,115 [Worker-207: Launching voyage - VoyageApplication] INFO  o.e.m.c.i.embedder.EclipseLogger - Copying 0 resource
2022-07-07 01:14:18,118 [Worker-207: Launching voyage - VoyageApplication] INFO  o.e.m.c.i.embedder.EclipseLogger - Using 'UTF-8' encoding to copy filtered resources.
2022-07-07 01:14:18,118 [Worker-207: Launching voyage - VoyageApplication] INFO  o.e.m.c.i.embedder.EclipseLogger - Using 'UTF-8' encoding to copy filtered properties files.
2022-07-07 01:14:18,118 [Worker-207: Launching voyage - VoyageApplication] INFO  o.e.m.c.i.embedder.EclipseLogger - skip non existing resourceDirectory C:\Users\Chaima\Desktop\Voyageaffaire\voyage\src\test\resources
2022-07-07 01:17:03,748 [Worker-218: Launching voyage - VoyageApplication] INFO  o.e.m.c.i.embedder.EclipseLogger - Using 'UTF-8' encoding to copy filtered resources.
2022-07-07 01:17:03,749 [Worker-218: Launching voyage - VoyageApplication] INFO  o.e.m.c.i.embedder.EclipseLogger - Using 'UTF-8' encoding to copy filtered properties files.
2022-07-07 01:17:03,749 [Worker-218: Launching voyage - VoyageApplication] INFO  o.e.m.c.i.embedder.EclipseLogger - Copying 1 resource
2022-07-07 01:17:03,753 [Worker-218: Launching voyage - VoyageApplication] INFO  o.e.m.c.i.embedder.EclipseLogger - Copying 0 resource
2022-07-07 01:17:03,755 [Worker-218: Launching voyage - VoyageApplication] INFO  o.e.m.c.i.embedder.EclipseLogger - Using 'UTF-8' encoding to copy filtered resources.
2022-07-07 01:17:03,755 [Worker-218: Launching voyage - VoyageApplication] INFO  o.e.m.c.i.embedder.EclipseLogger - Using 'UTF-8' encoding to copy filtered properties files.
2022-07-07 01:17:03,755 [Worker-218: Launching voyage - VoyageApplication] INFO  o.e.m.c.i.embedder.EclipseLogger - skip non existing resourceDirectory C:\Users\Chaima\Desktop\Voyageaffaire\voyage\src\test\resources
2022-07-07 01:25:23,151 [Worker-212: Launching voyage - VoyageApplication] INFO  o.e.m.c.i.embedder.EclipseLogger - Using 'UTF-8' encoding to copy filtered resources.
2022-07-07 01:25:23,151 [Worker-212: Launching voyage - VoyageApplication] INFO  o.e.m.c.i.embedder.EclipseLogger - Using 'UTF-8' encoding to copy filtered properties files.
2022-07-07 01:25:23,151 [Worker-212: Launching voyage - VoyageApplication] INFO  o.e.m.c.i.embedder.EclipseLogger - Copying 1 resource
2022-07-07 01:25:23,160 [Worker-212: Launching voyage - VoyageApplication] INFO  o.e.m.c.i.embedder.EclipseLogger - Copying 0 resource
2022-07-07 01:25:23,161 [Worker-212: Launching voyage - VoyageApplication] INFO  o.e.m.c.i.embedder.EclipseLogger - Using 'UTF-8' encoding to copy filtered resources.
2022-07-07 01:25:23,161 [Worker-212: Launching voyage - VoyageApplication] INFO  o.e.m.c.i.embedder.EclipseLogger - Using 'UTF-8' encoding to copy filtered properties files.
2022-07-07 01:25:23,161 [Worker-212: Launching voyage - VoyageApplication] INFO  o.e.m.c.i.embedder.EclipseLogger - skip non existing resourceDirectory C:\Users\Chaima\Desktop\Voyageaffaire\voyage\src\test\resources
2022-07-07 01:36:38,485 [Worker-220: Launching voyage - VoyageApplication] INFO  o.e.m.c.i.embedder.EclipseLogger - Using 'UTF-8' encoding to copy filtered resources.
2022-07-07 01:36:38,486 [Worker-220: Launching voyage - VoyageApplication] INFO  o.e.m.c.i.embedder.EclipseLogger - Using 'UTF-8' encoding to copy filtered properties files.
2022-07-07 01:36:38,486 [Worker-220: Launching voyage - VoyageApplication] INFO  o.e.m.c.i.embedder.EclipseLogger - Copying 1 resource
2022-07-07 01:36:38,491 [Worker-220: Launching voyage - VoyageApplication] INFO  o.e.m.c.i.embedder.EclipseLogger - Copying 0 resource
2022-07-07 01:36:38,492 [Worker-220: Launching voyage - VoyageApplication] INFO  o.e.m.c.i.embedder.EclipseLogger - Using 'UTF-8' encoding to copy filtered resources.
2022-07-07 01:36:38,492 [Worker-220: Launching voyage - VoyageApplication] INFO  o.e.m.c.i.embedder.EclipseLogger - Using 'UTF-8' encoding to copy filtered properties files.
2022-07-07 01:36:38,492 [Worker-220: Launching voyage - VoyageApplication] INFO  o.e.m.c.i.embedder.EclipseLogger - skip non existing resourceDirectory C:\Users\Chaima\Desktop\Voyageaffaire\voyage\src\test\resources
2022-07-07 01:38:05,010 [Worker-212: Launching voyage - VoyageApplication] INFO  o.e.m.c.i.embedder.EclipseLogger - Using 'UTF-8' encoding to copy filtered resources.
2022-07-07 01:38:05,010 [Worker-212: Launching voyage - VoyageApplication] INFO  o.e.m.c.i.embedder.EclipseLogger - Using 'UTF-8' encoding to copy filtered properties files.
2022-07-07 01:38:05,010 [Worker-212: Launching voyage - VoyageApplication] INFO  o.e.m.c.i.embedder.EclipseLogger - Copying 1 resource
2022-07-07 01:38:05,014 [Worker-212: Launching voyage - VoyageApplication] INFO  o.e.m.c.i.embedder.EclipseLogger - Copying 0 resource
2022-07-07 01:38:05,016 [Worker-212: Launching voyage - VoyageApplication] INFO  o.e.m.c.i.embedder.EclipseLogger - Using 'UTF-8' encoding to copy filtered resources.
2022-07-07 01:38:05,016 [Worker-212: Launching voyage - VoyageApplication] INFO  o.e.m.c.i.embedder.EclipseLogger - Using 'UTF-8' encoding to copy filtered properties files.
2022-07-07 01:38:05,016 [Worker-212: Launching voyage - VoyageApplication] INFO  o.e.m.c.i.embedder.EclipseLogger - skip non existing resourceDirectory C:\Users\Chaima\Desktop\Voyageaffaire\voyage\src\test\resources
2022-07-07 01:39:16,065 [Worker-207: Launching voyage - VoyageApplication] INFO  o.e.m.c.i.embedder.EclipseLogger - Using 'UTF-8' encoding to copy filtered resources.
2022-07-07 01:39:16,066 [Worker-207: Launching voyage - VoyageApplication] INFO  o.e.m.c.i.embedder.EclipseLogger - Using 'UTF-8' encoding to copy filtered properties files.
2022-07-07 01:39:16,066 [Worker-207: Launching voyage - VoyageApplication] INFO  o.e.m.c.i.embedder.EclipseLogger - Copying 1 resource
2022-07-07 01:39:16,072 [Worker-207: Launching voyage - VoyageApplication] INFO  o.e.m.c.i.embedder.EclipseLogger - Copying 0 resource
2022-07-07 01:39:16,073 [Worker-207: Launching voyage - VoyageApplication] INFO  o.e.m.c.i.embedder.EclipseLogger - Using 'UTF-8' encoding to copy filtered resources.
2022-07-07 01:39:16,073 [Worker-207: Launching voyage - VoyageApplication] INFO  o.e.m.c.i.embedder.EclipseLogger - Using 'UTF-8' encoding to copy filtered properties files.
2022-07-07 01:39:16,073 [Worker-207: Launching voyage - VoyageApplication] INFO  o.e.m.c.i.embedder.EclipseLogger - skip non existing resourceDirectory C:\Users\Chaima\Desktop\Voyageaffaire\voyage\src\test\resources
2022-07-07 01:40:23,965 [Worker-212: Launching voyage - VoyageApplication] INFO  o.e.m.c.i.embedder.EclipseLogger - Using 'UTF-8' encoding to copy filtered resources.
2022-07-07 01:40:23,965 [Worker-212: Launching voyage - VoyageApplication] INFO  o.e.m.c.i.embedder.EclipseLogger - Using 'UTF-8' encoding to copy filtered properties files.
2022-07-07 01:40:23,966 [Worker-212: Launching voyage - VoyageApplication] INFO  o.e.m.c.i.embedder.EclipseLogger - Copying 1 resource
2022-07-07 01:40:23,969 [Worker-212: Launching voyage - VoyageApplication] INFO  o.e.m.c.i.embedder.EclipseLogger - Copying 0 resource
2022-07-07 01:40:23,970 [Worker-212: Launching voyage - VoyageApplication] INFO  o.e.m.c.i.embedder.EclipseLogger - Using 'UTF-8' encoding to copy filtered resources.
2022-07-07 01:40:23,970 [Worker-212: Launching voyage - VoyageApplication] INFO  o.e.m.c.i.embedder.EclipseLogger - Using 'UTF-8' encoding to copy filtered properties files.
2022-07-07 01:40:23,970 [Worker-212: Launching voyage - VoyageApplication] INFO  o.e.m.c.i.embedder.EclipseLogger - skip non existing resourceDirectory C:\Users\Chaima\Desktop\Voyageaffaire\voyage\src\test\resources
2022-07-07 01:42:46,344 [Worker-225: Launching voyage - VoyageApplication] INFO  o.e.m.c.i.embedder.EclipseLogger - Using 'UTF-8' encoding to copy filtered resources.
2022-07-07 01:42:46,344 [Worker-225: Launching voyage - VoyageApplication] INFO  o.e.m.c.i.embedder.EclipseLogger - Using 'UTF-8' encoding to copy filtered properties files.
2022-07-07 01:42:46,345 [Worker-225: Launching voyage - VoyageApplication] INFO  o.e.m.c.i.embedder.EclipseLogger - Copying 1 resource
2022-07-07 01:42:46,350 [Worker-225: Launching voyage - VoyageApplication] INFO  o.e.m.c.i.embedder.EclipseLogger - Copying 0 resource
2022-07-07 01:42:46,351 [Worker-225: Launching voyage - VoyageApplication] INFO  o.e.m.c.i.embedder.EclipseLogger - Using 'UTF-8' encoding to copy filtered resources.
2022-07-07 01:42:46,351 [Worker-225: Launching voyage - VoyageApplication] INFO  o.e.m.c.i.embedder.EclipseLogger - Using 'UTF-8' encoding to copy filtered properties files.
2022-07-07 01:42:46,351 [Worker-225: Launching voyage - VoyageApplication] INFO  o.e.m.c.i.embedder.EclipseLogger - skip non existing resourceDirectory C:\Users\Chaima\Desktop\Voyageaffaire\voyage\src\test\resources
2022-07-07 01:44:16,113 [Worker-224: Updating Maven Project] INFO  o.e.m.c.i.p.ProjectConfigurationManager - Update started
2022-07-07 01:44:24,562 [Worker-224: Updating Maven Project] INFO  o.e.m.c.i.l.LifecycleMappingFactory - Using org.eclipse.m2e.jdt.JarLifecycleMapping lifecycle mapping for MavenProject: com.example:voyage:0.0.1-SNAPSHOT @ C:\Users\Chaima\Desktop\Voyageaffaire\voyage\pom.xml.
2022-07-07 01:44:38,886 [Worker-224: Updating Maven Project] INFO  o.e.m.j.i.AbstractJavaProjectConfigurator - Adding source folder /voyage/src/main/java
2022-07-07 01:44:38,888 [Worker-224: Updating Maven Project] INFO  o.e.m.j.i.AbstractJavaProjectConfigurator - Adding resource folder /voyage/src/main/resources
2022-07-07 01:44:38,890 [Worker-224: Updating Maven Project] INFO  o.e.m.j.i.AbstractJavaProjectConfigurator - Adding resource folder /voyage/src/main/resources
2022-07-07 01:44:38,892 [Worker-224: Updating Maven Project] INFO  o.e.m.j.i.AbstractJavaProjectConfigurator - Adding source folder /voyage/src/test/java
2022-07-07 01:44:40,028 [Worker-224: Updating Maven Project] INFO  o.e.m.c.i.p.ProjectConfigurationManager - Update completed: 23 sec
2022-07-07 01:44:50,837 [Worker-228: Launching voyage - VoyageApplication] INFO  o.e.m.c.i.embedder.EclipseLogger - Using 'UTF-8' encoding to copy filtered resources.
2022-07-07 01:44:50,837 [Worker-228: Launching voyage - VoyageApplication] INFO  o.e.m.c.i.embedder.EclipseLogger - Using 'UTF-8' encoding to copy filtered properties files.
2022-07-07 01:44:50,837 [Worker-228: Launching voyage - VoyageApplication] INFO  o.e.m.c.i.embedder.EclipseLogger - Copying 1 resource
2022-07-07 01:44:50,871 [Worker-228: Launching voyage - VoyageApplication] INFO  o.e.m.c.i.embedder.EclipseLogger - Copying 0 resource
2022-07-07 01:44:50,875 [Worker-228: Launching voyage - VoyageApplication] INFO  o.e.m.c.i.embedder.EclipseLogger - Using 'UTF-8' encoding to copy filtered resources.
2022-07-07 01:44:50,875 [Worker-228: Launching voyage - VoyageApplication] INFO  o.e.m.c.i.embedder.EclipseLogger - Using 'UTF-8' encoding to copy filtered properties files.
2022-07-07 01:44:50,875 [Worker-228: Launching voyage - VoyageApplication] INFO  o.e.m.c.i.embedder.EclipseLogger - skip non existing resourceDirectory C:\Users\Chaima\Desktop\Voyageaffaire\voyage\src\test\resources
2022-07-07 01:45:55,249 [Worker-228: Launching voyage - VoyageApplication] INFO  o.e.m.c.i.embedder.EclipseLogger - Using 'UTF-8' encoding to copy filtered resources.
2022-07-07 01:45:55,249 [Worker-228: Launching voyage - VoyageApplication] INFO  o.e.m.c.i.embedder.EclipseLogger - Using 'UTF-8' encoding to copy filtered properties files.
2022-07-07 01:45:55,250 [Worker-228: Launching voyage - VoyageApplication] INFO  o.e.m.c.i.embedder.EclipseLogger - Copying 0 resource
2022-07-07 01:45:55,250 [Worker-228: Launching voyage - VoyageApplication] INFO  o.e.m.c.i.embedder.EclipseLogger - Copying 0 resource
2022-07-07 01:45:55,252 [Worker-228: Launching voyage - VoyageApplication] INFO  o.e.m.c.i.embedder.EclipseLogger - Using 'UTF-8' encoding to copy filtered resources.
2022-07-07 01:45:55,252 [Worker-228: Launching voyage - VoyageApplication] INFO  o.e.m.c.i.embedder.EclipseLogger - Using 'UTF-8' encoding to copy filtered properties files.
2022-07-07 01:45:55,252 [Worker-228: Launching voyage - VoyageApplication] INFO  o.e.m.c.i.embedder.EclipseLogger - skip non existing resourceDirectory C:\Users\Chaima\Desktop\Voyageaffaire\voyage\src\test\resources
2022-07-07 01:47:51,437 [Worker-212: Launching voyage - VoyageApplication] INFO  o.e.m.c.i.embedder.EclipseLogger - Using 'UTF-8' encoding to copy filtered resources.
2022-07-07 01:47:51,437 [Worker-212: Launching voyage - VoyageApplication] INFO  o.e.m.c.i.embedder.EclipseLogger - Using 'UTF-8' encoding to copy filtered properties files.
2022-07-07 01:47:51,437 [Worker-212: Launching voyage - VoyageApplication] INFO  o.e.m.c.i.embedder.EclipseLogger - Copying 1 resource
2022-07-07 01:47:51,461 [Worker-212: Launching voyage - VoyageApplication] INFO  o.e.m.c.i.embedder.EclipseLogger - Copying 0 resource
2022-07-07 01:47:51,463 [Worker-212: Launching voyage - VoyageApplication] INFO  o.e.m.c.i.embedder.EclipseLogger - Using 'UTF-8' encoding to copy filtered resources.
2022-07-07 01:47:51,463 [Worker-212: Launching voyage - VoyageApplication] INFO  o.e.m.c.i.embedder.EclipseLogger - Using 'UTF-8' encoding to copy filtered properties files.
2022-07-07 01:47:51,464 [Worker-212: Launching voyage - VoyageApplication] INFO  o.e.m.c.i.embedder.EclipseLogger - skip non existing resourceDirectory C:\Users\Chaima\Desktop\Voyageaffaire\voyage\src\test\resources
2022-07-07 01:52:10,580 [Worker-207: Launching voyage - VoyageApplication] INFO  o.e.m.c.i.embedder.EclipseLogger - Using 'UTF-8' encoding to copy filtered resources.
2022-07-07 01:52:10,580 [Worker-207: Launching voyage - VoyageApplication] INFO  o.e.m.c.i.embedder.EclipseLogger - Using 'UTF-8' encoding to copy filtered properties files.
2022-07-07 01:52:10,581 [Worker-207: Launching voyage - VoyageApplication] INFO  o.e.m.c.i.embedder.EclipseLogger - Copying 1 resource
2022-07-07 01:52:10,619 [Worker-207: Launching voyage - VoyageApplication] INFO  o.e.m.c.i.embedder.EclipseLogger - Copying 0 resource
2022-07-07 01:52:10,620 [Worker-207: Launching voyage - VoyageApplication] INFO  o.e.m.c.i.embedder.EclipseLogger - Using 'UTF-8' encoding to copy filtered resources.
2022-07-07 01:52:10,620 [Worker-207: Launching voyage - VoyageApplication] INFO  o.e.m.c.i.embedder.EclipseLogger - Using 'UTF-8' encoding to copy filtered properties files.
2022-07-07 01:52:10,620 [Worker-207: Launching voyage - VoyageApplication] INFO  o.e.m.c.i.embedder.EclipseLogger - skip non existing resourceDirectory C:\Users\Chaima\Desktop\Voyageaffaire\voyage\src\test\resources
2022-07-07 01:54:25,572 [Worker-225: Launching voyage - VoyageApplication] INFO  o.e.m.c.i.embedder.EclipseLogger - Using 'UTF-8' encoding to copy filtered resources.
2022-07-07 01:54:25,572 [Worker-225: Launching voyage - VoyageApplication] INFO  o.e.m.c.i.embedder.EclipseLogger - Using 'UTF-8' encoding to copy filtered properties files.
2022-07-07 01:54:25,572 [Worker-225: Launching voyage - VoyageApplication] INFO  o.e.m.c.i.embedder.EclipseLogger - Copying 1 resource
2022-07-07 01:54:25,576 [Worker-225: Launching voyage - VoyageApplication] INFO  o.e.m.c.i.embedder.EclipseLogger - Copying 0 resource
2022-07-07 01:54:25,578 [Worker-225: Launching voyage - VoyageApplication] INFO  o.e.m.c.i.embedder.EclipseLogger - Using 'UTF-8' encoding to copy filtered resources.
2022-07-07 01:54:25,578 [Worker-225: Launching voyage - VoyageApplication] INFO  o.e.m.c.i.embedder.EclipseLogger - Using 'UTF-8' encoding to copy filtered properties files.
2022-07-07 01:54:25,578 [Worker-225: Launching voyage - VoyageApplication] INFO  o.e.m.c.i.embedder.EclipseLogger - skip non existing resourceDirectory C:\Users\Chaima\Desktop\Voyageaffaire\voyage\src\test\resources
2022-07-07 02:07:05,539 [Worker-240: Launching voyage - VoyageApplication] INFO  o.e.m.c.i.embedder.EclipseLogger - Using 'UTF-8' encoding to copy filtered resources.
2022-07-07 02:07:05,539 [Worker-240: Launching voyage - VoyageApplication] INFO  o.e.m.c.i.embedder.EclipseLogger - Using 'UTF-8' encoding to copy filtered properties files.
2022-07-07 02:07:05,540 [Worker-240: Launching voyage - VoyageApplication] INFO  o.e.m.c.i.embedder.EclipseLogger - Copying 1 resource
2022-07-07 02:07:05,552 [Worker-240: Launching voyage - VoyageApplication] INFO  o.e.m.c.i.embedder.EclipseLogger - Copying 0 resource
2022-07-07 02:07:05,553 [Worker-240: Launching voyage - VoyageApplication] INFO  o.e.m.c.i.embedder.EclipseLogger - Using 'UTF-8' encoding to copy filtered resources.
2022-07-07 02:07:05,554 [Worker-240: Launching voyage - VoyageApplication] INFO  o.e.m.c.i.embedder.EclipseLogger - Using 'UTF-8' encoding to copy filtered properties files.
2022-07-07 02:07:05,554 [Worker-240: Launching voyage - VoyageApplication] INFO  o.e.m.c.i.embedder.EclipseLogger - skip non existing resourceDirectory C:\Users\Chaima\Desktop\Voyageaffaire\voyage\src\test\resources
2022-07-07 08:44:43,545 [Worker-255: Launching voyage - VoyageApplication] INFO  o.e.m.c.i.embedder.EclipseLogger - Using 'UTF-8' encoding to copy filtered resources.
2022-07-07 08:44:43,545 [Worker-255: Launching voyage - VoyageApplication] INFO  o.e.m.c.i.embedder.EclipseLogger - Using 'UTF-8' encoding to copy filtered properties files.
2022-07-07 08:44:43,546 [Worker-255: Launching voyage - VoyageApplication] INFO  o.e.m.c.i.embedder.EclipseLogger - Copying 1 resource
2022-07-07 08:44:43,554 [Worker-255: Launching voyage - VoyageApplication] INFO  o.e.m.c.i.embedder.EclipseLogger - Copying 0 resource
2022-07-07 08:44:43,556 [Worker-255: Launching voyage - VoyageApplication] INFO  o.e.m.c.i.embedder.EclipseLogger - Using 'UTF-8' encoding to copy filtered resources.
2022-07-07 08:44:43,556 [Worker-255: Launching voyage - VoyageApplication] INFO  o.e.m.c.i.embedder.EclipseLogger - Using 'UTF-8' encoding to copy filtered properties files.
2022-07-07 08:44:43,556 [Worker-255: Launching voyage - VoyageApplication] INFO  o.e.m.c.i.embedder.EclipseLogger - skip non existing resourceDirectory C:\Users\Chaima\Desktop\Voyageaffaire\voyage\src\test\resources
2022-07-07 09:07:55,708 [Worker-251: Launching voyage - VoyageApplication] INFO  o.e.m.c.i.embedder.EclipseLogger - Using 'UTF-8' encoding to copy filtered resources.
2022-07-07 09:07:55,708 [Worker-251: Launching voyage - VoyageApplication] INFO  o.e.m.c.i.embedder.EclipseLogger - Using 'UTF-8' encoding to copy filtered properties files.
2022-07-07 09:07:55,709 [Worker-251: Launching voyage - VoyageApplication] INFO  o.e.m.c.i.embedder.EclipseLogger - Copying 1 resource
2022-07-07 09:07:55,730 [Worker-251: Launching voyage - VoyageApplication] INFO  o.e.m.c.i.embedder.EclipseLogger - Copying 0 resource
2022-07-07 09:07:55,732 [Worker-251: Launching voyage - VoyageApplication] INFO  o.e.m.c.i.embedder.EclipseLogger - Using 'UTF-8' encoding to copy filtered resources.
2022-07-07 09:07:55,732 [Worker-251: Launching voyage - VoyageApplication] INFO  o.e.m.c.i.embedder.EclipseLogger - Using 'UTF-8' encoding to copy filtered properties files.
2022-07-07 09:07:55,732 [Worker-251: Launching voyage - VoyageApplication] INFO  o.e.m.c.i.embedder.EclipseLogger - skip non existing resourceDirectory C:\Users\Chaima\Desktop\Voyageaffaire\voyage\src\test\resources
2022-07-07 09:19:37,493 [Worker-259: Launching voyage - VoyageApplication] INFO  o.e.m.c.i.embedder.EclipseLogger - Using 'UTF-8' encoding to copy filtered resources.
2022-07-07 09:19:37,493 [Worker-259: Launching voyage - VoyageApplication] INFO  o.e.m.c.i.embedder.EclipseLogger - Using 'UTF-8' encoding to copy filtered properties files.
2022-07-07 09:19:37,494 [Worker-259: Launching voyage - VoyageApplication] INFO  o.e.m.c.i.embedder.EclipseLogger - Copying 1 resource
2022-07-07 09:19:37,504 [Worker-259: Launching voyage - VoyageApplication] INFO  o.e.m.c.i.embedder.EclipseLogger - Copying 0 resource
2022-07-07 09:19:37,506 [Worker-259: Launching voyage - VoyageApplication] INFO  o.e.m.c.i.embedder.EclipseLogger - Using 'UTF-8' encoding to copy filtered resources.
2022-07-07 09:19:37,506 [Worker-259: Launching voyage - VoyageApplication] INFO  o.e.m.c.i.embedder.EclipseLogger - Using 'UTF-8' encoding to copy filtered properties files.
2022-07-07 09:19:37,506 [Worker-259: Launching voyage - VoyageApplication] INFO  o.e.m.c.i.embedder.EclipseLogger - skip non existing resourceDirectory C:\Users\Chaima\Desktop\Voyageaffaire\voyage\src\test\resources
2022-07-09 14:16:59,608 [Worker-3: Loading available Gradle versions] INFO  o.e.b.c.i.u.g.PublishedGradleVersions - Gradle version information cache is out-of-date. Trying to update.
2022-07-11 16:51:49,452 [Worker-22: Launching voyage - VoyageApplication] INFO  o.e.m.c.i.embedder.EclipseLogger - Using 'UTF-8' encoding to copy filtered resources.
2022-07-11 16:51:49,453 [Worker-22: Launching voyage - VoyageApplication] INFO  o.e.m.c.i.embedder.EclipseLogger - Using 'UTF-8' encoding to copy filtered properties files.
2022-07-11 16:51:49,461 [Worker-22: Launching voyage - VoyageApplication] INFO  o.e.m.c.i.embedder.EclipseLogger - Copying 1 resource
2022-07-11 16:51:49,517 [Worker-22: Launching voyage - VoyageApplication] INFO  o.e.m.c.i.embedder.EclipseLogger - Copying 0 resource
2022-07-11 16:51:49,524 [Worker-22: Launching voyage - VoyageApplication] INFO  o.e.m.c.i.embedder.EclipseLogger - Using 'UTF-8' encoding to copy filtered resources.
2022-07-11 16:51:49,525 [Worker-22: Launching voyage - VoyageApplication] INFO  o.e.m.c.i.embedder.EclipseLogger - Using 'UTF-8' encoding to copy filtered properties files.
2022-07-11 16:51:49,525 [Worker-22: Launching voyage - VoyageApplication] INFO  o.e.m.c.i.embedder.EclipseLogger - skip non existing resourceDirectory C:\Users\Chaima\Desktop\Voyageaffaire\voyage\src\test\resources
2022-07-11 16:55:41,606 [Worker-19: Launching voyage - VoyageApplication] INFO  o.e.m.c.i.embedder.EclipseLogger - Using 'UTF-8' encoding to copy filtered resources.
2022-07-11 16:55:41,607 [Worker-19: Launching voyage - VoyageApplication] INFO  o.e.m.c.i.embedder.EclipseLogger - Using 'UTF-8' encoding to copy filtered properties files.
2022-07-11 16:55:41,621 [Worker-19: Launching voyage - VoyageApplication] INFO  o.e.m.c.i.embedder.EclipseLogger - Copying 1 resource
2022-07-11 16:55:41,625 [Worker-19: Launching voyage - VoyageApplication] INFO  o.e.m.c.i.embedder.EclipseLogger - Copying 0 resource
2022-07-11 16:55:41,627 [Worker-19: Launching voyage - VoyageApplication] INFO  o.e.m.c.i.embedder.EclipseLogger - Using 'UTF-8' encoding to copy filtered resources.
2022-07-11 16:55:41,628 [Worker-19: Launching voyage - VoyageApplication] INFO  o.e.m.c.i.embedder.EclipseLogger - Using 'UTF-8' encoding to copy filtered properties files.
2022-07-11 16:55:41,628 [Worker-19: Launching voyage - VoyageApplication] INFO  o.e.m.c.i.embedder.EclipseLogger - skip non existing resourceDirectory C:\Users\Chaima\Desktop\Voyageaffaire\voyage\src\test\resources
2022-07-11 16:56:25,811 [Worker-2: Loading available Gradle versions] INFO  o.e.b.c.i.u.g.PublishedGradleVersions - Gradle version information cache is up-to-date. Trying to read.
2022-07-11 17:01:33,676 [Worker-5: Loading available Gradle versions] INFO  o.e.b.c.i.u.g.PublishedGradleVersions - Gradle version information cache is up-to-date. Trying to read.
2022-07-11 17:13:45,706 [Worker-26: Launching voyage - VoyageApplication] INFO  o.e.m.c.i.embedder.EclipseLogger - Using 'UTF-8' encoding to copy filtered resources.
2022-07-11 17:13:45,776 [Worker-26: Launching voyage - VoyageApplication] INFO  o.e.m.c.i.embedder.EclipseLogger - Using 'UTF-8' encoding to copy filtered properties files.
2022-07-11 17:13:45,781 [Worker-26: Launching voyage - VoyageApplication] INFO  o.e.m.c.i.embedder.EclipseLogger - Copying 1 resource
2022-07-11 17:13:45,814 [Worker-26: Launching voyage - VoyageApplication] INFO  o.e.m.c.i.embedder.EclipseLogger - Copying 0 resource
2022-07-11 17:13:45,819 [Worker-26: Launching voyage - VoyageApplication] INFO  o.e.m.c.i.embedder.EclipseLogger - Using 'UTF-8' encoding to copy filtered resources.
2022-07-11 17:13:45,819 [Worker-26: Launching voyage - VoyageApplication] INFO  o.e.m.c.i.embedder.EclipseLogger - Using 'UTF-8' encoding to copy filtered properties files.
2022-07-11 17:13:45,819 [Worker-26: Launching voyage - VoyageApplication] INFO  o.e.m.c.i.embedder.EclipseLogger - skip non existing resourceDirectory C:\Users\Chaima\Desktop\Voyageaffaire\voyage\src\test\resources
2022-07-11 17:17:40,997 [Worker-28: Launching voyage - VoyageApplication] INFO  o.e.m.c.i.embedder.EclipseLogger - Using 'UTF-8' encoding to copy filtered resources.
2022-07-11 17:17:40,997 [Worker-28: Launching voyage - VoyageApplication] INFO  o.e.m.c.i.embedder.EclipseLogger - Using 'UTF-8' encoding to copy filtered properties files.
2022-07-11 17:17:40,999 [Worker-28: Launching voyage - VoyageApplication] INFO  o.e.m.c.i.embedder.EclipseLogger - Copying 1 resource
2022-07-11 17:17:41,015 [Worker-28: Launching voyage - VoyageApplication] INFO  o.e.m.c.i.embedder.EclipseLogger - Copying 0 resource
2022-07-11 17:17:41,020 [Worker-28: Launching voyage - VoyageApplication] INFO  o.e.m.c.i.embedder.EclipseLogger - Using 'UTF-8' encoding to copy filtered resources.
2022-07-11 17:17:41,020 [Worker-28: Launching voyage - VoyageApplication] INFO  o.e.m.c.i.embedder.EclipseLogger - Using 'UTF-8' encoding to copy filtered properties files.
2022-07-11 17:17:41,020 [Worker-28: Launching voyage - VoyageApplication] INFO  o.e.m.c.i.embedder.EclipseLogger - skip non existing resourceDirectory C:\Users\Chaima\Desktop\Voyageaffaire\voyage\src\test\resources
2022-07-11 17:18:27,037 [Worker-35: Launching voyage - VoyageApplication] INFO  o.e.m.c.i.embedder.EclipseLogger - Using 'UTF-8' encoding to copy filtered resources.
2022-07-11 17:18:27,037 [Worker-35: Launching voyage - VoyageApplication] INFO  o.e.m.c.i.embedder.EclipseLogger - Using 'UTF-8' encoding to copy filtered properties files.
2022-07-11 17:18:27,038 [Worker-35: Launching voyage - VoyageApplication] INFO  o.e.m.c.i.embedder.EclipseLogger - Copying 1 resource
2022-07-11 17:18:27,050 [Worker-35: Launching voyage - VoyageApplication] INFO  o.e.m.c.i.embedder.EclipseLogger - Copying 0 resource
2022-07-11 17:18:27,053 [Worker-35: Launching voyage - VoyageApplication] INFO  o.e.m.c.i.embedder.EclipseLogger - Using 'UTF-8' encoding to copy filtered resources.
2022-07-11 17:18:27,053 [Worker-35: Launching voyage - VoyageApplication] INFO  o.e.m.c.i.embedder.EclipseLogger - Using 'UTF-8' encoding to copy filtered properties files.
2022-07-11 17:18:27,053 [Worker-35: Launching voyage - VoyageApplication] INFO  o.e.m.c.i.embedder.EclipseLogger - skip non existing resourceDirectory C:\Users\Chaima\Desktop\Voyageaffaire\voyage\src\test\resources
2022-07-11 17:20:54,714 [Worker-37: Launching voyage - VoyageApplication] INFO  o.e.m.c.i.embedder.EclipseLogger - Using 'UTF-8' encoding to copy filtered resources.
2022-07-11 17:20:54,714 [Worker-37: Launching voyage - VoyageApplication] INFO  o.e.m.c.i.embedder.EclipseLogger - Using 'UTF-8' encoding to copy filtered properties files.
2022-07-11 17:20:54,715 [Worker-37: Launching voyage - VoyageApplication] INFO  o.e.m.c.i.embedder.EclipseLogger - Copying 1 resource
2022-07-11 17:20:54,731 [Worker-37: Launching voyage - VoyageApplication] INFO  o.e.m.c.i.embedder.EclipseLogger - Copying 0 resource
2022-07-11 17:20:54,734 [Worker-37: Launching voyage - VoyageApplication] INFO  o.e.m.c.i.embedder.EclipseLogger - Using 'UTF-8' encoding to copy filtered resources.
2022-07-11 17:20:54,734 [Worker-37: Launching voyage - VoyageApplication] INFO  o.e.m.c.i.embedder.EclipseLogger - Using 'UTF-8' encoding to copy filtered properties files.
2022-07-11 17:20:54,734 [Worker-37: Launching voyage - VoyageApplication] INFO  o.e.m.c.i.embedder.EclipseLogger - skip non existing resourceDirectory C:\Users\Chaima\Desktop\Voyageaffaire\voyage\src\test\resources
2022-07-11 17:24:53,001 [Worker-38: Launching voyage - VoyageApplication] INFO  o.e.m.c.i.embedder.EclipseLogger - Using 'UTF-8' encoding to copy filtered resources.
2022-07-11 17:24:53,002 [Worker-38: Launching voyage - VoyageApplication] INFO  o.e.m.c.i.embedder.EclipseLogger - Using 'UTF-8' encoding to copy filtered properties files.
2022-07-11 17:24:53,002 [Worker-38: Launching voyage - VoyageApplication] INFO  o.e.m.c.i.embedder.EclipseLogger - Copying 1 resource
2022-07-11 17:24:53,011 [Worker-38: Launching voyage - VoyageApplication] INFO  o.e.m.c.i.embedder.EclipseLogger - Copying 0 resource
2022-07-11 17:24:53,013 [Worker-38: Launching voyage - VoyageApplication] INFO  o.e.m.c.i.embedder.EclipseLogger - Using 'UTF-8' encoding to copy filtered resources.
2022-07-11 17:24:53,013 [Worker-38: Launching voyage - VoyageApplication] INFO  o.e.m.c.i.embedder.EclipseLogger - Using 'UTF-8' encoding to copy filtered properties files.
2022-07-11 17:24:53,013 [Worker-38: Launching voyage - VoyageApplication] INFO  o.e.m.c.i.embedder.EclipseLogger - skip non existing resourceDirectory C:\Users\Chaima\Desktop\Voyageaffaire\voyage\src\test\resources
2022-07-11 17:26:17,574 [Worker-22: Launching voyage - VoyageApplication] INFO  o.e.m.c.i.embedder.EclipseLogger - Using 'UTF-8' encoding to copy filtered resources.
2022-07-11 17:26:17,574 [Worker-22: Launching voyage - VoyageApplication] INFO  o.e.m.c.i.embedder.EclipseLogger - Using 'UTF-8' encoding to copy filtered properties files.
2022-07-11 17:26:17,574 [Worker-22: Launching voyage - VoyageApplication] INFO  o.e.m.c.i.embedder.EclipseLogger - Copying 1 resource
2022-07-11 17:26:17,578 [Worker-22: Launching voyage - VoyageApplication] INFO  o.e.m.c.i.embedder.EclipseLogger - Copying 0 resource
2022-07-11 17:26:17,580 [Worker-22: Launching voyage - VoyageApplication] INFO  o.e.m.c.i.embedder.EclipseLogger - Using 'UTF-8' encoding to copy filtered resources.
2022-07-11 17:26:17,580 [Worker-22: Launching voyage - VoyageApplication] INFO  o.e.m.c.i.embedder.EclipseLogger - Using 'UTF-8' encoding to copy filtered properties files.
2022-07-11 17:26:17,580 [Worker-22: Launching voyage - VoyageApplication] INFO  o.e.m.c.i.embedder.EclipseLogger - skip non existing resourceDirectory C:\Users\Chaima\Desktop\Voyageaffaire\voyage\src\test\resources
2022-07-11 17:28:05,458 [Worker-38: Launching voyage - VoyageApplication] INFO  o.e.m.c.i.embedder.EclipseLogger - Using 'UTF-8' encoding to copy filtered resources.
2022-07-11 17:28:05,460 [Worker-38: Launching voyage - VoyageApplication] INFO  o.e.m.c.i.embedder.EclipseLogger - Using 'UTF-8' encoding to copy filtered properties files.
2022-07-11 17:28:05,460 [Worker-38: Launching voyage - VoyageApplication] INFO  o.e.m.c.i.embedder.EclipseLogger - Copying 1 resource
2022-07-11 17:28:05,466 [Worker-38: Launching voyage - VoyageApplication] INFO  o.e.m.c.i.embedder.EclipseLogger - Copying 0 resource
2022-07-11 17:28:05,468 [Worker-38: Launching voyage - VoyageApplication] INFO  o.e.m.c.i.embedder.EclipseLogger - Using 'UTF-8' encoding to copy filtered resources.
2022-07-11 17:28:05,468 [Worker-38: Launching voyage - VoyageApplication] INFO  o.e.m.c.i.embedder.EclipseLogger - Using 'UTF-8' encoding to copy filtered properties files.
2022-07-11 17:28:05,468 [Worker-38: Launching voyage - VoyageApplication] INFO  o.e.m.c.i.embedder.EclipseLogger - skip non existing resourceDirectory C:\Users\Chaima\Desktop\Voyageaffaire\voyage\src\test\resources
2022-07-11 17:31:36,857 [Worker-41: Launching voyage - VoyageApplication] INFO  o.e.m.c.i.embedder.EclipseLogger - Using 'UTF-8' encoding to copy filtered resources.
2022-07-11 17:31:36,857 [Worker-41: Launching voyage - VoyageApplication] INFO  o.e.m.c.i.embedder.EclipseLogger - Using 'UTF-8' encoding to copy filtered properties files.
2022-07-11 17:31:36,857 [Worker-41: Launching voyage - VoyageApplication] INFO  o.e.m.c.i.embedder.EclipseLogger - Copying 1 resource
2022-07-11 17:31:36,862 [Worker-41: Launching voyage - VoyageApplication] INFO  o.e.m.c.i.embedder.EclipseLogger - Copying 0 resource
2022-07-11 17:31:36,866 [Worker-41: Launching voyage - VoyageApplication] INFO  o.e.m.c.i.embedder.EclipseLogger - Using 'UTF-8' encoding to copy filtered resources.
2022-07-11 17:31:36,866 [Worker-41: Launching voyage - VoyageApplication] INFO  o.e.m.c.i.embedder.EclipseLogger - Using 'UTF-8' encoding to copy filtered properties files.
2022-07-11 17:31:36,867 [Worker-41: Launching voyage - VoyageApplication] INFO  o.e.m.c.i.embedder.EclipseLogger - skip non existing resourceDirectory C:\Users\Chaima\Desktop\Voyageaffaire\voyage\src\test\resources
